#
# There is insufficient memory for the Java Runtime Environment to continue.
# Native memory allocation (malloc) failed to allocate 220368 bytes. Error detail: Chunk::new
# Possible reasons:
#   The system is out of physical RAM or swap space
#   This process is running with CompressedOops enabled, and the Java Heap may be blocking the growth of the native heap
# Possible solutions:
#   Reduce memory load on the system
#   Increase physical memory or swap space
#   Check if swap backing store is full
#   Decrease Java heap size (-Xmx/-Xms)
#   Decrease number of Java threads
#   Decrease Java thread stack sizes (-Xss)
#   Set larger code cache with -XX:ReservedCodeCacheSize=
#   JVM is running with Zero Based Compressed Oops mode in which the Java heap is
#     placed in the first 32GB address space. The Java Heap base address is the
#     maximum limit for the native heap growth. Please use -XX:HeapBaseMinAddress
#     to set the Java Heap base and to place the Java Heap above 32GB virtual address.
# This output file may be truncated or incomplete.
#
#  Out of Memory Error (arena.cpp:168), pid=32632, tid=32640
#
# JRE version: OpenJDK Runtime Environment Temurin-21.0.10+7 (21.0.10+7) (build 21.0.10+7-LTS)
# Java VM: OpenJDK 64-Bit Server VM Temurin-21.0.10+7 (21.0.10+7-LTS, mixed mode, sharing, tiered, compressed oops, compressed class ptrs, g1 gc, windows-amd64)
# No core dump will be written. Minidumps are not enabled by default on client versions of Windows
#

---------------  S U M M A R Y ------------

Command Line: -XX:MaxMetaspaceSize=1g --add-opens=java.base/java.util=ALL-UNNAMED --add-opens=java.base/java.lang=ALL-UNNAMED --add-opens=java.base/java.lang.invoke=ALL-UNNAMED --add-opens=java.prefs/java.util.prefs=ALL-UNNAMED --add-exports=jdk.compiler/com.sun.tools.javac.api=ALL-UNNAMED --add-exports=jdk.compiler/com.sun.tools.javac.util=ALL-UNNAMED --add-opens=java.base/java.nio.charset=ALL-UNNAMED --add-opens=java.base/java.net=ALL-UNNAMED --add-opens=java.base/java.util.concurrent.atomic=ALL-UNNAMED -Xms512M -Xmx4g -Dfile.encoding=utf8 -Duser.country=US -Duser.language=en -Duser.variant -javaagent:C:\Users\ikwob\.gradle\wrapper\dists\gradle-8.9-bin\90cnw93cvbtalezasaz0blq0a\gradle-8.9\lib\agents\gradle-instrumentation-agent-8.9.jar org.gradle.launcher.daemon.bootstrap.GradleDaemon 8.9

Host: 12th Gen Intel(R) Core(TM) i5-12450H, 12 cores, 15G,  Windows 11 , 64 bit Build 26100 (10.0.26100.8521)
Time: Thu Jun 11 19:33:02 2026 W. Central Africa Standard Time elapsed time: 56.609230 seconds (0d 0h 0m 56s)

---------------  T H R E A D  ---------------

Current thread (0x0000021f5489ea50):  JavaThread "C2 CompilerThread0" daemon [_thread_in_native, id=32640, stack(0x0000008df5300000,0x0000008df5400000) (1024K)]


Current CompileTask:
C2:56609 9562       4       com.sun.org.apache.xerces.internal.util.SymbolTable::addSymbol (110 bytes)

Stack: [0x0000008df5300000,0x0000008df5400000]
Native frames: (J=compiled Java code, j=interpreted, Vv=VM code, C=native code)
V  [jvm.dll+0x6d7a39]
V  [jvm.dll+0x8b4b26]
V  [jvm.dll+0x8b70de]
V  [jvm.dll+0x8b77c3]
V  [jvm.dll+0x284346]
V  [jvm.dll+0xc66ed]
V  [jvm.dll+0xc6c31]
V  [jvm.dll+0x3bec3b]
V  [jvm.dll+0x1e3f69]
V  [jvm.dll+0x24c6b3]
V  [jvm.dll+0x24bb40]
V  [jvm.dll+0x1cb34e]
V  [jvm.dll+0x25b85d]
V  [jvm.dll+0x259dea]
V  [jvm.dll+0x3f857e]
V  [jvm.dll+0x85f59d]
V  [jvm.dll+0x6d626d]
C  [ucrtbase.dll+0x2cd30]
C  [KERNEL32.DLL+0x2e957]
C  [ntdll.dll+0x87c1c]


---------------  P R O C E S S  ---------------

Threads class SMR info:
_java_thread_list=0x0000021f59e428b0, length=67, elements={
0x0000021f3a4c0bc0, 0x0000021f54886ab0, 0x0000021f54887720, 0x0000021f5488e8b0,
0x0000021f5488f5d0, 0x0000021f5488fc60, 0x0000021f5488db90, 0x0000021f5489ea50,
0x0000021f548ae580, 0x0000021f548902f0, 0x0000021f5488ce70, 0x0000021f5488ef40,
0x0000021f5488d500, 0x0000021f5488e220, 0x0000021f5a92aed0, 0x0000021f5a92cfa0,
0x0000021f5a92a1b0, 0x0000021f5a92c280, 0x0000021f5a92b560, 0x0000021f5a92a840,
0x0000021f5a929b20, 0x0000021f5a92dcc0, 0x0000021f5a92d630, 0x0000021f5a92f070,
0x0000021f5a92e350, 0x0000021f5a92e9e0, 0x0000021f5a92bbf0, 0x0000021f5a92f700,
0x0000021f5a92fd90, 0x0000021f5a930420, 0x0000021f5c7c33d0, 0x0000021f5c7c2d40,
0x0000021f5c7c4e10, 0x0000021f5c7c3a60, 0x0000021f5c7c61c0, 0x0000021f5c7c8920,
0x0000021f5c7c7c00, 0x0000021f5c7c8fb0, 0x0000021f5c7c8290, 0x0000021f5c7c6ee0,
0x0000021f5c7c9640, 0x0000021f5c7c9cd0, 0x0000021f5c7c7570, 0x0000021f59c1b670,
0x0000021f59c1c390, 0x0000021f59c1a950, 0x0000021f59c1bd00, 0x0000021f59c1ca20,
0x0000021f59c1d740, 0x0000021f59c1ddd0, 0x0000021f59c1afe0, 0x0000021f59c1eaf0,
0x0000021f59c1f180, 0x0000021f59c1f810, 0x0000021f59c1fea0, 0x0000021f59c20530,
0x0000021f59c20bc0, 0x0000021f59c21250, 0x0000021f5eb927f0, 0x0000021f5eb8f370,
0x0000021f5eb90db0, 0x0000021f5eb91440, 0x0000021f5eb92e80, 0x0000021f5eb91ad0,
0x0000021f5eb90090, 0x0000021f5eb90720, 0x0000021f5eb92160
}

Java Threads: ( => current thread )
  0x0000021f3a4c0bc0 JavaThread "main"                              [_thread_blocked, id=26932, stack(0x0000008df4500000,0x0000008df4600000) (1024K)]
  0x0000021f54886ab0 JavaThread "Reference Handler"          daemon [_thread_blocked, id=31752, stack(0x0000008df4d00000,0x0000008df4e00000) (1024K)]
  0x0000021f54887720 JavaThread "Finalizer"                  daemon [_thread_blocked, id=30108, stack(0x0000008df4e00000,0x0000008df4f00000) (1024K)]
  0x0000021f5488e8b0 JavaThread "Signal Dispatcher"          daemon [_thread_blocked, id=33868, stack(0x0000008df4f00000,0x0000008df5000000) (1024K)]
  0x0000021f5488f5d0 JavaThread "Attach Listener"            daemon [_thread_blocked, id=9120, stack(0x0000008df5000000,0x0000008df5100000) (1024K)]
  0x0000021f5488fc60 JavaThread "Service Thread"             daemon [_thread_blocked, id=26064, stack(0x0000008df5100000,0x0000008df5200000) (1024K)]
  0x0000021f5488db90 JavaThread "Monitor Deflation Thread"   daemon [_thread_blocked, id=11668, stack(0x0000008df5200000,0x0000008df5300000) (1024K)]
=>0x0000021f5489ea50 JavaThread "C2 CompilerThread0"         daemon [_thread_in_native, id=32640, stack(0x0000008df5300000,0x0000008df5400000) (1024K)]
  0x0000021f548ae580 JavaThread "C1 CompilerThread0"         daemon [_thread_blocked, id=32820, stack(0x0000008df5400000,0x0000008df5500000) (1024K)]
  0x0000021f548902f0 JavaThread "Common-Cleaner"             daemon [_thread_blocked, id=32804, stack(0x0000008df5500000,0x0000008df5600000) (1024K)]
  0x0000021f5488ce70 JavaThread "Notification Thread"        daemon [_thread_blocked, id=33824, stack(0x0000008df5600000,0x0000008df5700000) (1024K)]
  0x0000021f5488ef40 JavaThread "Daemon health stats"               [_thread_blocked, id=10600, stack(0x0000008df5800000,0x0000008df5900000) (1024K)]
  0x0000021f5488d500 JavaThread "Incoming local TCP Connector on port 9446"        [_thread_in_native, id=7832, stack(0x0000008df6200000,0x0000008df6300000) (1024K)]
  0x0000021f5488e220 JavaThread "Daemon periodic checks"            [_thread_blocked, id=26560, stack(0x0000008df6300000,0x0000008df6400000) (1024K)]
  0x0000021f5a92aed0 JavaThread "Daemon"                            [_thread_blocked, id=33572, stack(0x0000008df6400000,0x0000008df6500000) (1024K)]
  0x0000021f5a92cfa0 JavaThread "Handler for socket connection from /127.0.0.1:9446 to /127.0.0.1:9447"        [_thread_in_native, id=13300, stack(0x0000008df6500000,0x0000008df6600000) (1024K)]
  0x0000021f5a92a1b0 JavaThread "Cancel handler"                    [_thread_blocked, id=32644, stack(0x0000008df6600000,0x0000008df6700000) (1024K)]
  0x0000021f5a92c280 JavaThread "Daemon worker"                     [_thread_blocked, id=8020, stack(0x0000008df6700000,0x0000008df6800000) (1024K)]
  0x0000021f5a92b560 JavaThread "Asynchronous log dispatcher for DefaultDaemonConnection: socket connection from /127.0.0.1:9446 to /127.0.0.1:9447"        [_thread_blocked, id=26988, stack(0x0000008df6800000,0x0000008df6900000) (1024K)]
  0x0000021f5a92a840 JavaThread "Stdin handler"                     [_thread_blocked, id=29688, stack(0x0000008df6900000,0x0000008df6a00000) (1024K)]
  0x0000021f5a929b20 JavaThread "Daemon client event forwarder"        [_thread_blocked, id=12596, stack(0x0000008df6a00000,0x0000008df6b00000) (1024K)]
  0x0000021f5a92dcc0 JavaThread "Cache worker for journal cache (C:\Users\ikwob\.gradle\caches\journal-1)"        [_thread_blocked, id=19416, stack(0x0000008df6b00000,0x0000008df6c00000) (1024K)]
  0x0000021f5a92d630 JavaThread "File lock request listener"        [_thread_in_native, id=34656, stack(0x0000008df6c00000,0x0000008df6d00000) (1024K)]
  0x0000021f5a92f070 JavaThread "Cache worker for file hash cache (C:\Users\ikwob\.gradle\caches\8.9\fileHashes)"        [_thread_blocked, id=18060, stack(0x0000008df6d00000,0x0000008df6e00000) (1024K)]
  0x0000021f5a92e350 JavaThread "Cache worker for file hash cache (C:\myProjects\SmartApp\internal_apks\smart_verify_v2\node_modules\react-native-vision-camera\android\.gradle\8.9\fileHashes)"        [_thread_blocked, id=2184, stack(0x0000008df6e00000,0x0000008df6f00000) (1024K)]
  0x0000021f5a92e9e0 JavaThread "Cache worker for Build Output Cleanup Cache (C:\myProjects\SmartApp\internal_apks\smart_verify_v2\node_modules\react-native-vision-camera\android\.gradle\buildOutputCleanup)"        [_thread_blocked, id=33532, stack(0x0000008df7100000,0x0000008df7200000) (1024K)]
  0x0000021f5a92bbf0 JavaThread "File watcher server"        daemon [_thread_in_native, id=33584, stack(0x0000008df7200000,0x0000008df7300000) (1024K)]
  0x0000021f5a92f700 JavaThread "File watcher consumer"      daemon [_thread_blocked, id=9904, stack(0x0000008df7300000,0x0000008df7400000) (1024K)]
  0x0000021f5a92fd90 JavaThread "Cache worker for checksums cache (C:\myProjects\SmartApp\internal_apks\smart_verify_v2\node_modules\react-native-vision-camera\android\.gradle\8.9\checksums)"        [_thread_blocked, id=29736, stack(0x0000008df5700000,0x0000008df5800000) (1024K)]
  0x0000021f5a930420 JavaThread "Cache worker for file content cache (C:\Users\ikwob\.gradle\caches\8.9\fileContent)"        [_thread_blocked, id=16560, stack(0x0000008df7400000,0x0000008df7500000) (1024K)]
  0x0000021f5c7c33d0 JavaThread "Cache worker for cache directory md-rule (C:\Users\ikwob\.gradle\caches\8.9\md-rule)"        [_thread_blocked, id=24308, stack(0x0000008df7500000,0x0000008df7600000) (1024K)]
  0x0000021f5c7c2d40 JavaThread "Cache worker for cache directory md-supplier (C:\Users\ikwob\.gradle\caches\8.9\md-supplier)"        [_thread_blocked, id=30380, stack(0x0000008df7700000,0x0000008df7800000) (1024K)]
  0x0000021f5c7c4e10 JavaThread "jar transforms"                    [_thread_blocked, id=19280, stack(0x0000008df7800000,0x0000008df7900000) (1024K)]
  0x0000021f5c7c3a60 JavaThread "jar transforms Thread 2"           [_thread_blocked, id=4156, stack(0x0000008df7900000,0x0000008df7a00000) (1024K)]
  0x0000021f5c7c61c0 JavaThread "jar transforms Thread 3"           [_thread_blocked, id=13192, stack(0x0000008df7a00000,0x0000008df7b00000) (1024K)]
  0x0000021f5c7c8920 JavaThread "Unconstrained build operations"        [_thread_blocked, id=26156, stack(0x0000008df7b00000,0x0000008df7c00000) (1024K)]
  0x0000021f5c7c7c00 JavaThread "Unconstrained build operations Thread 2"        [_thread_blocked, id=12680, stack(0x0000008df7c00000,0x0000008df7d00000) (1024K)]
  0x0000021f5c7c8fb0 JavaThread "Unconstrained build operations Thread 3"        [_thread_blocked, id=29760, stack(0x0000008df7600000,0x0000008df7700000) (1024K)]
  0x0000021f5c7c8290 JavaThread "Unconstrained build operations Thread 4"        [_thread_blocked, id=31368, stack(0x0000008df7d00000,0x0000008df7e00000) (1024K)]
  0x0000021f5c7c6ee0 JavaThread "Unconstrained build operations Thread 5"        [_thread_blocked, id=27628, stack(0x0000008df7f00000,0x0000008df8000000) (1024K)]
  0x0000021f5c7c9640 JavaThread "Unconstrained build operations Thread 6"        [_thread_blocked, id=29568, stack(0x0000008df8000000,0x0000008df8100000) (1024K)]
  0x0000021f5c7c9cd0 JavaThread "Unconstrained build operations Thread 7"        [_thread_blocked, id=33860, stack(0x0000008df8100000,0x0000008df8200000) (1024K)]
  0x0000021f5c7c7570 JavaThread "Unconstrained build operations Thread 8"        [_thread_blocked, id=13376, stack(0x0000008df8200000,0x0000008df8300000) (1024K)]
  0x0000021f59c1b670 JavaThread "Unconstrained build operations Thread 9"        [_thread_blocked, id=31880, stack(0x0000008df8300000,0x0000008df8400000) (1024K)]
  0x0000021f59c1c390 JavaThread "Unconstrained build operations Thread 10"        [_thread_blocked, id=29208, stack(0x0000008df8400000,0x0000008df8500000) (1024K)]
  0x0000021f59c1a950 JavaThread "Unconstrained build operations Thread 11"        [_thread_blocked, id=12684, stack(0x0000008df8500000,0x0000008df8600000) (1024K)]
  0x0000021f59c1bd00 JavaThread "Unconstrained build operations Thread 12"        [_thread_blocked, id=27944, stack(0x0000008df8600000,0x0000008df8700000) (1024K)]
  0x0000021f59c1ca20 JavaThread "Unconstrained build operations Thread 13"        [_thread_blocked, id=32748, stack(0x0000008df8700000,0x0000008df8800000) (1024K)]
  0x0000021f59c1d740 JavaThread "Unconstrained build operations Thread 14"        [_thread_blocked, id=33256, stack(0x0000008df8900000,0x0000008df8a00000) (1024K)]
  0x0000021f59c1ddd0 JavaThread "Unconstrained build operations Thread 15"        [_thread_blocked, id=27672, stack(0x0000008df8a00000,0x0000008df8b00000) (1024K)]
  0x0000021f59c1afe0 JavaThread "Unconstrained build operations Thread 16"        [_thread_blocked, id=25544, stack(0x0000008df8b00000,0x0000008df8c00000) (1024K)]
  0x0000021f59c1eaf0 JavaThread "Unconstrained build operations Thread 17"        [_thread_blocked, id=9720, stack(0x0000008df8c00000,0x0000008df8d00000) (1024K)]
  0x0000021f59c1f180 JavaThread "Unconstrained build operations Thread 18"        [_thread_blocked, id=9776, stack(0x0000008df8d00000,0x0000008df8e00000) (1024K)]
  0x0000021f59c1f810 JavaThread "Unconstrained build operations Thread 19"        [_thread_blocked, id=17624, stack(0x0000008df8e00000,0x0000008df8f00000) (1024K)]
  0x0000021f59c1fea0 JavaThread "Unconstrained build operations Thread 20"        [_thread_blocked, id=32944, stack(0x0000008df8f00000,0x0000008df9000000) (1024K)]
  0x0000021f59c20530 JavaThread "Unconstrained build operations Thread 21"        [_thread_blocked, id=9736, stack(0x0000008df9000000,0x0000008df9100000) (1024K)]
  0x0000021f59c20bc0 JavaThread "Unconstrained build operations Thread 22"        [_thread_blocked, id=13464, stack(0x0000008df9100000,0x0000008df9200000) (1024K)]
  0x0000021f59c21250 JavaThread "Unconstrained build operations Thread 23"        [_thread_blocked, id=19468, stack(0x0000008df9200000,0x0000008df9300000) (1024K)]
  0x0000021f5eb927f0 JavaThread "Unconstrained build operations Thread 24"        [_thread_blocked, id=30696, stack(0x0000008df9300000,0x0000008df9400000) (1024K)]
  0x0000021f5eb8f370 JavaThread "Unconstrained build operations Thread 25"        [_thread_blocked, id=29308, stack(0x0000008df9500000,0x0000008df9600000) (1024K)]
  0x0000021f5eb90db0 JavaThread "Unconstrained build operations Thread 26"        [_thread_blocked, id=8440, stack(0x0000008df9600000,0x0000008df9700000) (1024K)]
  0x0000021f5eb91440 JavaThread "Unconstrained build operations Thread 27"        [_thread_blocked, id=23464, stack(0x0000008df9700000,0x0000008df9800000) (1024K)]
  0x0000021f5eb92e80 JavaThread "Unconstrained build operations Thread 28"        [_thread_blocked, id=24336, stack(0x0000008df9800000,0x0000008df9900000) (1024K)]
  0x0000021f5eb91ad0 JavaThread "Unconstrained build operations Thread 29"        [_thread_blocked, id=24808, stack(0x0000008df9900000,0x0000008df9a00000) (1024K)]
  0x0000021f5eb90090 JavaThread "Unconstrained build operations Thread 30"        [_thread_in_native, id=33928, stack(0x0000008df9c00000,0x0000008df9d00000) (1024K)]
  0x0000021f5eb90720 JavaThread "Unconstrained build operations Thread 31"        [_thread_blocked, id=28648, stack(0x0000008df9d00000,0x0000008df9e00000) (1024K)]
  0x0000021f5eb92160 JavaThread "Unconstrained build operations Thread 32"        [_thread_blocked, id=412, stack(0x0000008df9e00000,0x0000008df9f00000) (1024K)]
Total: 67

Other Threads:
  0x0000021f5486c950 VMThread "VM Thread"                           [id=25924, stack(0x0000008df4c00000,0x0000008df4d00000) (1024K)]
  0x0000021f549410a0 WatcherThread "VM Periodic Task Thread"        [id=29084, stack(0x0000008df4b00000,0x0000008df4c00000) (1024K)]
  0x0000021f3a52a6b0 WorkerThread "GC Thread#0"                     [id=31540, stack(0x0000008df4600000,0x0000008df4700000) (1024K)]
  0x0000021f59947be0 WorkerThread "GC Thread#1"                     [id=24804, stack(0x0000008df5900000,0x0000008df5a00000) (1024K)]
  0x0000021f5932e380 WorkerThread "GC Thread#2"                     [id=1820, stack(0x0000008df5a00000,0x0000008df5b00000) (1024K)]
  0x0000021f5932e730 WorkerThread "GC Thread#3"                     [id=19288, stack(0x0000008df5b00000,0x0000008df5c00000) (1024K)]
  0x0000021f5932eae0 WorkerThread "GC Thread#4"                     [id=24092, stack(0x0000008df5c00000,0x0000008df5d00000) (1024K)]
  0x0000021f5932ee90 WorkerThread "GC Thread#5"                     [id=34544, stack(0x0000008df5d00000,0x0000008df5e00000) (1024K)]
  0x0000021f5932f240 WorkerThread "GC Thread#6"                     [id=28780, stack(0x0000008df5e00000,0x0000008df5f00000) (1024K)]
  0x0000021f59519dd0 WorkerThread "GC Thread#7"                     [id=19016, stack(0x0000008df5f00000,0x0000008df6000000) (1024K)]
  0x0000021f598ac620 WorkerThread "GC Thread#8"                     [id=34696, stack(0x0000008df6000000,0x0000008df6100000) (1024K)]
  0x0000021f598ac9d0 WorkerThread "GC Thread#9"                     [id=13080, stack(0x0000008df6100000,0x0000008df6200000) (1024K)]
  0x0000021f3a53b6a0 ConcurrentGCThread "G1 Main Marker"            [id=29276, stack(0x0000008df4700000,0x0000008df4800000) (1024K)]
  0x0000021f3a53d030 WorkerThread "G1 Conc#0"                       [id=30600, stack(0x0000008df4800000,0x0000008df4900000) (1024K)]
  0x0000021f5b4a3f60 WorkerThread "G1 Conc#1"                       [id=34588, stack(0x0000008df6f00000,0x0000008df7000000) (1024K)]
  0x0000021f5b4a51d0 WorkerThread "G1 Conc#2"                       [id=2252, stack(0x0000008df7000000,0x0000008df7100000) (1024K)]
  0x0000021f547ab360 ConcurrentGCThread "G1 Refine#0"               [id=5128, stack(0x0000008df4900000,0x0000008df4a00000) (1024K)]
  0x0000021f547acba0 ConcurrentGCThread "G1 Service"                [id=14644, stack(0x0000008df4a00000,0x0000008df4b00000) (1024K)]
Total: 18

Threads with active compile tasks:
C2 CompilerThread0  56665 9562       4       com.sun.org.apache.xerces.internal.util.SymbolTable::addSymbol (110 bytes)
Total: 1

VM state: not at safepoint (normal execution)

VM Mutex/Monitor currently owned by a thread: None

Heap address: 0x0000000700000000, size: 4096 MB, Compressed Oops mode: Zero based, Oop shift amount: 3

CDS archive(s) mapped at: [0x0000021f00000000-0x0000021f00ba0000-0x0000021f00ba0000), size 12189696, SharedBaseAddress: 0x0000021f00000000, ArchiveRelocationMode: 1.
Compressed class space mapped at: 0x0000021f01000000-0x0000021f35000000, reserved size: 872415232
Narrow klass base: 0x0000021f00000000, Narrow klass shift: 0, Narrow klass range: 0x100000000

GC Precious Log:
 CardTable entry size: 512
 Card Set container configuration: InlinePtr #cards 4 size 8 Array Of Cards #cards 16 size 48 Howl #buckets 8 coarsen threshold 3686 Howl Bitmap #cards 512 size 80 coarsen threshold 460 Card regions per heap region 1 cards per card region 4096
 CPUs: 12 total, 12 available
 Memory: 16052M
 Large Page Support: Disabled
 NUMA Support: Disabled
 Compressed Oops: Enabled (Zero based)
 Heap Region Size: 2M
 Heap Min Capacity: 512M
 Heap Initial Capacity: 512M
 Heap Max Capacity: 4G
 Pre-touch: Disabled
 Parallel Workers: 10
 Concurrent Workers: 3
 Concurrent Refinement Workers: 10
 Periodic GC: Disabled

Heap:
 garbage-first heap   total 524288K, used 121445K [0x0000000700000000, 0x0000000800000000)
  region size 2048K, 49 young (100352K), 13 survivors (26624K)
 Metaspace       used 64400K, committed 66112K, reserved 917504K
  class space    used 8978K, committed 9792K, reserved 851968K

Heap Regions: E=young(eden), S=young(survivor), O=old, HS=humongous(starts), HC=humongous(continues), CS=collection set, F=free, TAMS=top-at-mark-start, PB=parsable bottom
|   0|0x0000000700000000, 0x0000000700200000, 0x0000000700200000|100%|HS|  |TAMS 0x0000000700000000| PB 0x0000000700000000| Complete 
|   1|0x0000000700200000, 0x0000000700400000, 0x0000000700400000|100%|HC|  |TAMS 0x0000000700200000| PB 0x0000000700200000| Complete 
|   2|0x0000000700400000, 0x0000000700600000, 0x0000000700600000|100%| O|  |TAMS 0x0000000700400000| PB 0x0000000700400000| Untracked 
|   3|0x0000000700600000, 0x0000000700800000, 0x0000000700800000|100%| O|  |TAMS 0x0000000700600000| PB 0x0000000700600000| Untracked 
|   4|0x0000000700800000, 0x0000000700a00000, 0x0000000700a00000|100%| O|  |TAMS 0x0000000700800000| PB 0x0000000700800000| Untracked 
|   5|0x0000000700a00000, 0x0000000700c00000, 0x0000000700c00000|100%| O|  |TAMS 0x0000000700a00000| PB 0x0000000700a00000| Untracked 
|   6|0x0000000700c00000, 0x0000000700c00000, 0x0000000700e00000|  0%| F|  |TAMS 0x0000000700c00000| PB 0x0000000700c00000| Untracked 
|   7|0x0000000700e00000, 0x0000000700e00000, 0x0000000701000000|  0%| F|  |TAMS 0x0000000700e00000| PB 0x0000000700e00000| Untracked 
|   8|0x0000000701000000, 0x0000000701200000, 0x0000000701200000|100%| O|  |TAMS 0x0000000701000000| PB 0x0000000701000000| Untracked 
|   9|0x0000000701200000, 0x0000000701400000, 0x0000000701400000|100%| O|  |TAMS 0x0000000701200000| PB 0x0000000701200000| Untracked 
|  10|0x0000000701400000, 0x0000000701600000, 0x0000000701600000|100%| O|  |TAMS 0x0000000701400000| PB 0x0000000701400000| Untracked 
|  11|0x0000000701600000, 0x0000000701800000, 0x0000000701800000|100%| O|  |TAMS 0x0000000701600000| PB 0x0000000701600000| Untracked 
|  12|0x0000000701800000, 0x0000000701a00000, 0x0000000701a00000|100%| O|  |TAMS 0x0000000701800000| PB 0x0000000701800000| Untracked 
|  13|0x0000000701a00000, 0x0000000701b62c00, 0x0000000701c00000| 69%| O|  |TAMS 0x0000000701a00000| PB 0x0000000701a00000| Untracked 
|  14|0x0000000701c00000, 0x0000000701c00000, 0x0000000701e00000|  0%| F|  |TAMS 0x0000000701c00000| PB 0x0000000701c00000| Untracked 
|  15|0x0000000701e00000, 0x0000000701e00000, 0x0000000702000000|  0%| F|  |TAMS 0x0000000701e00000| PB 0x0000000701e00000| Untracked 
|  16|0x0000000702000000, 0x0000000702000000, 0x0000000702200000|  0%| F|  |TAMS 0x0000000702000000| PB 0x0000000702000000| Untracked 
|  17|0x0000000702200000, 0x0000000702200000, 0x0000000702400000|  0%| F|  |TAMS 0x0000000702200000| PB 0x0000000702200000| Untracked 
|  18|0x0000000702400000, 0x0000000702400000, 0x0000000702600000|  0%| F|  |TAMS 0x0000000702400000| PB 0x0000000702400000| Untracked 
|  19|0x0000000702600000, 0x0000000702600000, 0x0000000702800000|  0%| F|  |TAMS 0x0000000702600000| PB 0x0000000702600000| Untracked 
|  20|0x0000000702800000, 0x0000000702800000, 0x0000000702a00000|  0%| F|  |TAMS 0x0000000702800000| PB 0x0000000702800000| Untracked 
|  21|0x0000000702a00000, 0x0000000702a00000, 0x0000000702c00000|  0%| F|  |TAMS 0x0000000702a00000| PB 0x0000000702a00000| Untracked 
|  22|0x0000000702c00000, 0x0000000702c00000, 0x0000000702e00000|  0%| F|  |TAMS 0x0000000702c00000| PB 0x0000000702c00000| Untracked 
|  23|0x0000000702e00000, 0x0000000702e00000, 0x0000000703000000|  0%| F|  |TAMS 0x0000000702e00000| PB 0x0000000702e00000| Untracked 
|  24|0x0000000703000000, 0x0000000703000000, 0x0000000703200000|  0%| F|  |TAMS 0x0000000703000000| PB 0x0000000703000000| Untracked 
|  25|0x0000000703200000, 0x0000000703200000, 0x0000000703400000|  0%| F|  |TAMS 0x0000000703200000| PB 0x0000000703200000| Untracked 
|  26|0x0000000703400000, 0x0000000703400000, 0x0000000703600000|  0%| F|  |TAMS 0x0000000703400000| PB 0x0000000703400000| Untracked 
|  27|0x0000000703600000, 0x0000000703600000, 0x0000000703800000|  0%| F|  |TAMS 0x0000000703600000| PB 0x0000000703600000| Untracked 
|  28|0x0000000703800000, 0x0000000703800000, 0x0000000703a00000|  0%| F|  |TAMS 0x0000000703800000| PB 0x0000000703800000| Untracked 
|  29|0x0000000703a00000, 0x0000000703a00000, 0x0000000703c00000|  0%| F|  |TAMS 0x0000000703a00000| PB 0x0000000703a00000| Untracked 
|  30|0x0000000703c00000, 0x0000000703c00000, 0x0000000703e00000|  0%| F|  |TAMS 0x0000000703c00000| PB 0x0000000703c00000| Untracked 
|  31|0x0000000703e00000, 0x0000000703e00000, 0x0000000704000000|  0%| F|  |TAMS 0x0000000703e00000| PB 0x0000000703e00000| Untracked 
|  32|0x0000000704000000, 0x0000000704000000, 0x0000000704200000|  0%| F|  |TAMS 0x0000000704000000| PB 0x0000000704000000| Untracked 
|  33|0x0000000704200000, 0x0000000704200000, 0x0000000704400000|  0%| F|  |TAMS 0x0000000704200000| PB 0x0000000704200000| Untracked 
|  34|0x0000000704400000, 0x0000000704400000, 0x0000000704600000|  0%| F|  |TAMS 0x0000000704400000| PB 0x0000000704400000| Untracked 
|  35|0x0000000704600000, 0x0000000704600000, 0x0000000704800000|  0%| F|  |TAMS 0x0000000704600000| PB 0x0000000704600000| Untracked 
|  36|0x0000000704800000, 0x0000000704800000, 0x0000000704a00000|  0%| F|  |TAMS 0x0000000704800000| PB 0x0000000704800000| Untracked 
|  37|0x0000000704a00000, 0x0000000704a00000, 0x0000000704c00000|  0%| F|  |TAMS 0x0000000704a00000| PB 0x0000000704a00000| Untracked 
|  38|0x0000000704c00000, 0x0000000704c00000, 0x0000000704e00000|  0%| F|  |TAMS 0x0000000704c00000| PB 0x0000000704c00000| Untracked 
|  39|0x0000000704e00000, 0x0000000704e00000, 0x0000000705000000|  0%| F|  |TAMS 0x0000000704e00000| PB 0x0000000704e00000| Untracked 
|  40|0x0000000705000000, 0x0000000705000000, 0x0000000705200000|  0%| F|  |TAMS 0x0000000705000000| PB 0x0000000705000000| Untracked 
|  41|0x0000000705200000, 0x0000000705200000, 0x0000000705400000|  0%| F|  |TAMS 0x0000000705200000| PB 0x0000000705200000| Untracked 
|  42|0x0000000705400000, 0x0000000705400000, 0x0000000705600000|  0%| F|  |TAMS 0x0000000705400000| PB 0x0000000705400000| Untracked 
|  43|0x0000000705600000, 0x0000000705600000, 0x0000000705800000|  0%| F|  |TAMS 0x0000000705600000| PB 0x0000000705600000| Untracked 
|  44|0x0000000705800000, 0x0000000705800000, 0x0000000705a00000|  0%| F|  |TAMS 0x0000000705800000| PB 0x0000000705800000| Untracked 
|  45|0x0000000705a00000, 0x0000000705a00000, 0x0000000705c00000|  0%| F|  |TAMS 0x0000000705a00000| PB 0x0000000705a00000| Untracked 
|  46|0x0000000705c00000, 0x0000000705c00000, 0x0000000705e00000|  0%| F|  |TAMS 0x0000000705c00000| PB 0x0000000705c00000| Untracked 
|  47|0x0000000705e00000, 0x0000000705e00000, 0x0000000706000000|  0%| F|  |TAMS 0x0000000705e00000| PB 0x0000000705e00000| Untracked 
|  48|0x0000000706000000, 0x0000000706000000, 0x0000000706200000|  0%| F|  |TAMS 0x0000000706000000| PB 0x0000000706000000| Untracked 
|  49|0x0000000706200000, 0x0000000706200000, 0x0000000706400000|  0%| F|  |TAMS 0x0000000706200000| PB 0x0000000706200000| Untracked 
|  50|0x0000000706400000, 0x0000000706400000, 0x0000000706600000|  0%| F|  |TAMS 0x0000000706400000| PB 0x0000000706400000| Untracked 
|  51|0x0000000706600000, 0x0000000706600000, 0x0000000706800000|  0%| F|  |TAMS 0x0000000706600000| PB 0x0000000706600000| Untracked 
|  52|0x0000000706800000, 0x0000000706800000, 0x0000000706a00000|  0%| F|  |TAMS 0x0000000706800000| PB 0x0000000706800000| Untracked 
|  53|0x0000000706a00000, 0x0000000706a00000, 0x0000000706c00000|  0%| F|  |TAMS 0x0000000706a00000| PB 0x0000000706a00000| Untracked 
|  54|0x0000000706c00000, 0x0000000706c00000, 0x0000000706e00000|  0%| F|  |TAMS 0x0000000706c00000| PB 0x0000000706c00000| Untracked 
|  55|0x0000000706e00000, 0x0000000706e00000, 0x0000000707000000|  0%| F|  |TAMS 0x0000000706e00000| PB 0x0000000706e00000| Untracked 
|  56|0x0000000707000000, 0x0000000707000000, 0x0000000707200000|  0%| F|  |TAMS 0x0000000707000000| PB 0x0000000707000000| Untracked 
|  57|0x0000000707200000, 0x0000000707200000, 0x0000000707400000|  0%| F|  |TAMS 0x0000000707200000| PB 0x0000000707200000| Untracked 
|  58|0x0000000707400000, 0x0000000707400000, 0x0000000707600000|  0%| F|  |TAMS 0x0000000707400000| PB 0x0000000707400000| Untracked 
|  59|0x0000000707600000, 0x0000000707600000, 0x0000000707800000|  0%| F|  |TAMS 0x0000000707600000| PB 0x0000000707600000| Untracked 
|  60|0x0000000707800000, 0x0000000707800000, 0x0000000707a00000|  0%| F|  |TAMS 0x0000000707800000| PB 0x0000000707800000| Untracked 
|  61|0x0000000707a00000, 0x0000000707a00000, 0x0000000707c00000|  0%| F|  |TAMS 0x0000000707a00000| PB 0x0000000707a00000| Untracked 
|  62|0x0000000707c00000, 0x0000000707c00000, 0x0000000707e00000|  0%| F|  |TAMS 0x0000000707c00000| PB 0x0000000707c00000| Untracked 
|  63|0x0000000707e00000, 0x0000000707e00000, 0x0000000708000000|  0%| F|  |TAMS 0x0000000707e00000| PB 0x0000000707e00000| Untracked 
|  64|0x0000000708000000, 0x0000000708000000, 0x0000000708200000|  0%| F|  |TAMS 0x0000000708000000| PB 0x0000000708000000| Untracked 
|  65|0x0000000708200000, 0x0000000708200000, 0x0000000708400000|  0%| F|  |TAMS 0x0000000708200000| PB 0x0000000708200000| Untracked 
|  66|0x0000000708400000, 0x0000000708400000, 0x0000000708600000|  0%| F|  |TAMS 0x0000000708400000| PB 0x0000000708400000| Untracked 
|  67|0x0000000708600000, 0x0000000708600000, 0x0000000708800000|  0%| F|  |TAMS 0x0000000708600000| PB 0x0000000708600000| Untracked 
|  68|0x0000000708800000, 0x0000000708800000, 0x0000000708a00000|  0%| F|  |TAMS 0x0000000708800000| PB 0x0000000708800000| Untracked 
|  69|0x0000000708a00000, 0x0000000708a00000, 0x0000000708c00000|  0%| F|  |TAMS 0x0000000708a00000| PB 0x0000000708a00000| Untracked 
|  70|0x0000000708c00000, 0x0000000708c00000, 0x0000000708e00000|  0%| F|  |TAMS 0x0000000708c00000| PB 0x0000000708c00000| Untracked 
|  71|0x0000000708e00000, 0x0000000708e00000, 0x0000000709000000|  0%| F|  |TAMS 0x0000000708e00000| PB 0x0000000708e00000| Untracked 
|  72|0x0000000709000000, 0x0000000709000000, 0x0000000709200000|  0%| F|  |TAMS 0x0000000709000000| PB 0x0000000709000000| Untracked 
|  73|0x0000000709200000, 0x0000000709200000, 0x0000000709400000|  0%| F|  |TAMS 0x0000000709200000| PB 0x0000000709200000| Untracked 
|  74|0x0000000709400000, 0x0000000709400000, 0x0000000709600000|  0%| F|  |TAMS 0x0000000709400000| PB 0x0000000709400000| Untracked 
|  75|0x0000000709600000, 0x0000000709600000, 0x0000000709800000|  0%| F|  |TAMS 0x0000000709600000| PB 0x0000000709600000| Untracked 
|  76|0x0000000709800000, 0x0000000709800000, 0x0000000709a00000|  0%| F|  |TAMS 0x0000000709800000| PB 0x0000000709800000| Untracked 
|  77|0x0000000709a00000, 0x0000000709a00000, 0x0000000709c00000|  0%| F|  |TAMS 0x0000000709a00000| PB 0x0000000709a00000| Untracked 
|  78|0x0000000709c00000, 0x0000000709c00000, 0x0000000709e00000|  0%| F|  |TAMS 0x0000000709c00000| PB 0x0000000709c00000| Untracked 
|  79|0x0000000709e00000, 0x0000000709e00000, 0x000000070a000000|  0%| F|  |TAMS 0x0000000709e00000| PB 0x0000000709e00000| Untracked 
|  80|0x000000070a000000, 0x000000070a000000, 0x000000070a200000|  0%| F|  |TAMS 0x000000070a000000| PB 0x000000070a000000| Untracked 
|  81|0x000000070a200000, 0x000000070a200000, 0x000000070a400000|  0%| F|  |TAMS 0x000000070a200000| PB 0x000000070a200000| Untracked 
|  82|0x000000070a400000, 0x000000070a400000, 0x000000070a600000|  0%| F|  |TAMS 0x000000070a400000| PB 0x000000070a400000| Untracked 
|  83|0x000000070a600000, 0x000000070a600000, 0x000000070a800000|  0%| F|  |TAMS 0x000000070a600000| PB 0x000000070a600000| Untracked 
|  84|0x000000070a800000, 0x000000070a800000, 0x000000070aa00000|  0%| F|  |TAMS 0x000000070a800000| PB 0x000000070a800000| Untracked 
|  85|0x000000070aa00000, 0x000000070aa00000, 0x000000070ac00000|  0%| F|  |TAMS 0x000000070aa00000| PB 0x000000070aa00000| Untracked 
|  86|0x000000070ac00000, 0x000000070ac00000, 0x000000070ae00000|  0%| F|  |TAMS 0x000000070ac00000| PB 0x000000070ac00000| Untracked 
|  87|0x000000070ae00000, 0x000000070ae00000, 0x000000070b000000|  0%| F|  |TAMS 0x000000070ae00000| PB 0x000000070ae00000| Untracked 
|  88|0x000000070b000000, 0x000000070b000000, 0x000000070b200000|  0%| F|  |TAMS 0x000000070b000000| PB 0x000000070b000000| Untracked 
|  89|0x000000070b200000, 0x000000070b200000, 0x000000070b400000|  0%| F|  |TAMS 0x000000070b200000| PB 0x000000070b200000| Untracked 
|  90|0x000000070b400000, 0x000000070b400000, 0x000000070b600000|  0%| F|  |TAMS 0x000000070b400000| PB 0x000000070b400000| Untracked 
|  91|0x000000070b600000, 0x000000070b600000, 0x000000070b800000|  0%| F|  |TAMS 0x000000070b600000| PB 0x000000070b600000| Untracked 
|  92|0x000000070b800000, 0x000000070b800000, 0x000000070ba00000|  0%| F|  |TAMS 0x000000070b800000| PB 0x000000070b800000| Untracked 
|  93|0x000000070ba00000, 0x000000070ba00000, 0x000000070bc00000|  0%| F|  |TAMS 0x000000070ba00000| PB 0x000000070ba00000| Untracked 
|  94|0x000000070bc00000, 0x000000070bc00000, 0x000000070be00000|  0%| F|  |TAMS 0x000000070bc00000| PB 0x000000070bc00000| Untracked 
|  95|0x000000070be00000, 0x000000070be00000, 0x000000070c000000|  0%| F|  |TAMS 0x000000070be00000| PB 0x000000070be00000| Untracked 
|  96|0x000000070c000000, 0x000000070c000000, 0x000000070c200000|  0%| F|  |TAMS 0x000000070c000000| PB 0x000000070c000000| Untracked 
|  97|0x000000070c200000, 0x000000070c200000, 0x000000070c400000|  0%| F|  |TAMS 0x000000070c200000| PB 0x000000070c200000| Untracked 
|  98|0x000000070c400000, 0x000000070c400000, 0x000000070c600000|  0%| F|  |TAMS 0x000000070c400000| PB 0x000000070c400000| Untracked 
|  99|0x000000070c600000, 0x000000070c600000, 0x000000070c800000|  0%| F|  |TAMS 0x000000070c600000| PB 0x000000070c600000| Untracked 
| 100|0x000000070c800000, 0x000000070c800000, 0x000000070ca00000|  0%| F|  |TAMS 0x000000070c800000| PB 0x000000070c800000| Untracked 
| 101|0x000000070ca00000, 0x000000070ca00000, 0x000000070cc00000|  0%| F|  |TAMS 0x000000070ca00000| PB 0x000000070ca00000| Untracked 
| 102|0x000000070cc00000, 0x000000070cc00000, 0x000000070ce00000|  0%| F|  |TAMS 0x000000070cc00000| PB 0x000000070cc00000| Untracked 
| 103|0x000000070ce00000, 0x000000070ce00000, 0x000000070d000000|  0%| F|  |TAMS 0x000000070ce00000| PB 0x000000070ce00000| Untracked 
| 104|0x000000070d000000, 0x000000070d000000, 0x000000070d200000|  0%| F|  |TAMS 0x000000070d000000| PB 0x000000070d000000| Untracked 
| 105|0x000000070d200000, 0x000000070d200000, 0x000000070d400000|  0%| F|  |TAMS 0x000000070d200000| PB 0x000000070d200000| Untracked 
| 106|0x000000070d400000, 0x000000070d400000, 0x000000070d600000|  0%| F|  |TAMS 0x000000070d400000| PB 0x000000070d400000| Untracked 
| 107|0x000000070d600000, 0x000000070d600000, 0x000000070d800000|  0%| F|  |TAMS 0x000000070d600000| PB 0x000000070d600000| Untracked 
| 108|0x000000070d800000, 0x000000070d800000, 0x000000070da00000|  0%| F|  |TAMS 0x000000070d800000| PB 0x000000070d800000| Untracked 
| 109|0x000000070da00000, 0x000000070da00000, 0x000000070dc00000|  0%| F|  |TAMS 0x000000070da00000| PB 0x000000070da00000| Untracked 
| 110|0x000000070dc00000, 0x000000070dc00000, 0x000000070de00000|  0%| F|  |TAMS 0x000000070dc00000| PB 0x000000070dc00000| Untracked 
| 111|0x000000070de00000, 0x000000070de00000, 0x000000070e000000|  0%| F|  |TAMS 0x000000070de00000| PB 0x000000070de00000| Untracked 
| 112|0x000000070e000000, 0x000000070e000000, 0x000000070e200000|  0%| F|  |TAMS 0x000000070e000000| PB 0x000000070e000000| Untracked 
| 113|0x000000070e200000, 0x000000070e200000, 0x000000070e400000|  0%| F|  |TAMS 0x000000070e200000| PB 0x000000070e200000| Untracked 
| 114|0x000000070e400000, 0x000000070e400000, 0x000000070e600000|  0%| F|  |TAMS 0x000000070e400000| PB 0x000000070e400000| Untracked 
| 115|0x000000070e600000, 0x000000070e600000, 0x000000070e800000|  0%| F|  |TAMS 0x000000070e600000| PB 0x000000070e600000| Untracked 
| 116|0x000000070e800000, 0x000000070e800000, 0x000000070ea00000|  0%| F|  |TAMS 0x000000070e800000| PB 0x000000070e800000| Untracked 
| 117|0x000000070ea00000, 0x000000070ea00000, 0x000000070ec00000|  0%| F|  |TAMS 0x000000070ea00000| PB 0x000000070ea00000| Untracked 
| 118|0x000000070ec00000, 0x000000070ec00000, 0x000000070ee00000|  0%| F|  |TAMS 0x000000070ec00000| PB 0x000000070ec00000| Untracked 
| 119|0x000000070ee00000, 0x000000070ee00000, 0x000000070f000000|  0%| F|  |TAMS 0x000000070ee00000| PB 0x000000070ee00000| Untracked 
| 120|0x000000070f000000, 0x000000070f000000, 0x000000070f200000|  0%| F|  |TAMS 0x000000070f000000| PB 0x000000070f000000| Untracked 
| 121|0x000000070f200000, 0x000000070f200000, 0x000000070f400000|  0%| F|  |TAMS 0x000000070f200000| PB 0x000000070f200000| Untracked 
| 122|0x000000070f400000, 0x000000070f400000, 0x000000070f600000|  0%| F|  |TAMS 0x000000070f400000| PB 0x000000070f400000| Untracked 
| 123|0x000000070f600000, 0x000000070f600000, 0x000000070f800000|  0%| F|  |TAMS 0x000000070f600000| PB 0x000000070f600000| Untracked 
| 124|0x000000070f800000, 0x000000070f800000, 0x000000070fa00000|  0%| F|  |TAMS 0x000000070f800000| PB 0x000000070f800000| Untracked 
| 125|0x000000070fa00000, 0x000000070fa00000, 0x000000070fc00000|  0%| F|  |TAMS 0x000000070fa00000| PB 0x000000070fa00000| Untracked 
| 126|0x000000070fc00000, 0x000000070fc00000, 0x000000070fe00000|  0%| F|  |TAMS 0x000000070fc00000| PB 0x000000070fc00000| Untracked 
| 127|0x000000070fe00000, 0x000000070fe00000, 0x0000000710000000|  0%| F|  |TAMS 0x000000070fe00000| PB 0x000000070fe00000| Untracked 
| 128|0x0000000710000000, 0x0000000710000000, 0x0000000710200000|  0%| F|  |TAMS 0x0000000710000000| PB 0x0000000710000000| Untracked 
| 129|0x0000000710200000, 0x0000000710200000, 0x0000000710400000|  0%| F|  |TAMS 0x0000000710200000| PB 0x0000000710200000| Untracked 
| 130|0x0000000710400000, 0x0000000710400000, 0x0000000710600000|  0%| F|  |TAMS 0x0000000710400000| PB 0x0000000710400000| Untracked 
| 131|0x0000000710600000, 0x0000000710600000, 0x0000000710800000|  0%| F|  |TAMS 0x0000000710600000| PB 0x0000000710600000| Untracked 
| 132|0x0000000710800000, 0x0000000710800000, 0x0000000710a00000|  0%| F|  |TAMS 0x0000000710800000| PB 0x0000000710800000| Untracked 
| 133|0x0000000710a00000, 0x0000000710a00000, 0x0000000710c00000|  0%| F|  |TAMS 0x0000000710a00000| PB 0x0000000710a00000| Untracked 
| 134|0x0000000710c00000, 0x0000000710c00000, 0x0000000710e00000|  0%| F|  |TAMS 0x0000000710c00000| PB 0x0000000710c00000| Untracked 
| 135|0x0000000710e00000, 0x0000000710e00000, 0x0000000711000000|  0%| F|  |TAMS 0x0000000710e00000| PB 0x0000000710e00000| Untracked 
| 136|0x0000000711000000, 0x0000000711000000, 0x0000000711200000|  0%| F|  |TAMS 0x0000000711000000| PB 0x0000000711000000| Untracked 
| 137|0x0000000711200000, 0x0000000711200000, 0x0000000711400000|  0%| F|  |TAMS 0x0000000711200000| PB 0x0000000711200000| Untracked 
| 138|0x0000000711400000, 0x0000000711400000, 0x0000000711600000|  0%| F|  |TAMS 0x0000000711400000| PB 0x0000000711400000| Untracked 
| 139|0x0000000711600000, 0x0000000711600000, 0x0000000711800000|  0%| F|  |TAMS 0x0000000711600000| PB 0x0000000711600000| Untracked 
| 140|0x0000000711800000, 0x0000000711800000, 0x0000000711a00000|  0%| F|  |TAMS 0x0000000711800000| PB 0x0000000711800000| Untracked 
| 141|0x0000000711a00000, 0x0000000711a00000, 0x0000000711c00000|  0%| F|  |TAMS 0x0000000711a00000| PB 0x0000000711a00000| Untracked 
| 142|0x0000000711c00000, 0x0000000711c00000, 0x0000000711e00000|  0%| F|  |TAMS 0x0000000711c00000| PB 0x0000000711c00000| Untracked 
| 143|0x0000000711e00000, 0x0000000711e00000, 0x0000000712000000|  0%| F|  |TAMS 0x0000000711e00000| PB 0x0000000711e00000| Untracked 
| 144|0x0000000712000000, 0x0000000712000000, 0x0000000712200000|  0%| F|  |TAMS 0x0000000712000000| PB 0x0000000712000000| Untracked 
| 145|0x0000000712200000, 0x0000000712200000, 0x0000000712400000|  0%| F|  |TAMS 0x0000000712200000| PB 0x0000000712200000| Untracked 
| 146|0x0000000712400000, 0x0000000712400000, 0x0000000712600000|  0%| F|  |TAMS 0x0000000712400000| PB 0x0000000712400000| Untracked 
| 147|0x0000000712600000, 0x0000000712600000, 0x0000000712800000|  0%| F|  |TAMS 0x0000000712600000| PB 0x0000000712600000| Untracked 
| 148|0x0000000712800000, 0x0000000712800000, 0x0000000712a00000|  0%| F|  |TAMS 0x0000000712800000| PB 0x0000000712800000| Untracked 
| 149|0x0000000712a00000, 0x0000000712a00000, 0x0000000712c00000|  0%| F|  |TAMS 0x0000000712a00000| PB 0x0000000712a00000| Untracked 
| 150|0x0000000712c00000, 0x0000000712c00000, 0x0000000712e00000|  0%| F|  |TAMS 0x0000000712c00000| PB 0x0000000712c00000| Untracked 
| 151|0x0000000712e00000, 0x0000000712e00000, 0x0000000713000000|  0%| F|  |TAMS 0x0000000712e00000| PB 0x0000000712e00000| Untracked 
| 152|0x0000000713000000, 0x0000000713000000, 0x0000000713200000|  0%| F|  |TAMS 0x0000000713000000| PB 0x0000000713000000| Untracked 
| 153|0x0000000713200000, 0x0000000713200000, 0x0000000713400000|  0%| F|  |TAMS 0x0000000713200000| PB 0x0000000713200000| Untracked 
| 154|0x0000000713400000, 0x0000000713400000, 0x0000000713600000|  0%| F|  |TAMS 0x0000000713400000| PB 0x0000000713400000| Untracked 
| 155|0x0000000713600000, 0x0000000713600000, 0x0000000713800000|  0%| F|  |TAMS 0x0000000713600000| PB 0x0000000713600000| Untracked 
| 156|0x0000000713800000, 0x0000000713800000, 0x0000000713a00000|  0%| F|  |TAMS 0x0000000713800000| PB 0x0000000713800000| Untracked 
| 157|0x0000000713a00000, 0x0000000713a00000, 0x0000000713c00000|  0%| F|  |TAMS 0x0000000713a00000| PB 0x0000000713a00000| Untracked 
| 158|0x0000000713c00000, 0x0000000713c00000, 0x0000000713e00000|  0%| F|  |TAMS 0x0000000713c00000| PB 0x0000000713c00000| Untracked 
| 159|0x0000000713e00000, 0x0000000713e00000, 0x0000000714000000|  0%| F|  |TAMS 0x0000000713e00000| PB 0x0000000713e00000| Untracked 
| 160|0x0000000714000000, 0x0000000714000000, 0x0000000714200000|  0%| F|  |TAMS 0x0000000714000000| PB 0x0000000714000000| Untracked 
| 161|0x0000000714200000, 0x0000000714200000, 0x0000000714400000|  0%| F|  |TAMS 0x0000000714200000| PB 0x0000000714200000| Untracked 
| 162|0x0000000714400000, 0x0000000714400000, 0x0000000714600000|  0%| F|  |TAMS 0x0000000714400000| PB 0x0000000714400000| Untracked 
| 163|0x0000000714600000, 0x0000000714600000, 0x0000000714800000|  0%| F|  |TAMS 0x0000000714600000| PB 0x0000000714600000| Untracked 
| 164|0x0000000714800000, 0x0000000714800000, 0x0000000714a00000|  0%| F|  |TAMS 0x0000000714800000| PB 0x0000000714800000| Untracked 
| 165|0x0000000714a00000, 0x0000000714a00000, 0x0000000714c00000|  0%| F|  |TAMS 0x0000000714a00000| PB 0x0000000714a00000| Untracked 
| 166|0x0000000714c00000, 0x0000000714c00000, 0x0000000714e00000|  0%| F|  |TAMS 0x0000000714c00000| PB 0x0000000714c00000| Untracked 
| 167|0x0000000714e00000, 0x0000000714e00000, 0x0000000715000000|  0%| F|  |TAMS 0x0000000714e00000| PB 0x0000000714e00000| Untracked 
| 168|0x0000000715000000, 0x0000000715000000, 0x0000000715200000|  0%| F|  |TAMS 0x0000000715000000| PB 0x0000000715000000| Untracked 
| 169|0x0000000715200000, 0x0000000715200000, 0x0000000715400000|  0%| F|  |TAMS 0x0000000715200000| PB 0x0000000715200000| Untracked 
| 170|0x0000000715400000, 0x0000000715400000, 0x0000000715600000|  0%| F|  |TAMS 0x0000000715400000| PB 0x0000000715400000| Untracked 
| 171|0x0000000715600000, 0x0000000715600000, 0x0000000715800000|  0%| F|  |TAMS 0x0000000715600000| PB 0x0000000715600000| Untracked 
| 172|0x0000000715800000, 0x0000000715800000, 0x0000000715a00000|  0%| F|  |TAMS 0x0000000715800000| PB 0x0000000715800000| Untracked 
| 173|0x0000000715a00000, 0x0000000715a00000, 0x0000000715c00000|  0%| F|  |TAMS 0x0000000715a00000| PB 0x0000000715a00000| Untracked 
| 174|0x0000000715c00000, 0x0000000715c00000, 0x0000000715e00000|  0%| F|  |TAMS 0x0000000715c00000| PB 0x0000000715c00000| Untracked 
| 175|0x0000000715e00000, 0x0000000715e00000, 0x0000000716000000|  0%| F|  |TAMS 0x0000000715e00000| PB 0x0000000715e00000| Untracked 
| 176|0x0000000716000000, 0x0000000716000000, 0x0000000716200000|  0%| F|  |TAMS 0x0000000716000000| PB 0x0000000716000000| Untracked 
| 177|0x0000000716200000, 0x0000000716200000, 0x0000000716400000|  0%| F|  |TAMS 0x0000000716200000| PB 0x0000000716200000| Untracked 
| 178|0x0000000716400000, 0x0000000716536bc0, 0x0000000716600000| 60%| S|CS|TAMS 0x0000000716400000| PB 0x0000000716400000| Complete 
| 179|0x0000000716600000, 0x0000000716800000, 0x0000000716800000|100%| S|CS|TAMS 0x0000000716600000| PB 0x0000000716600000| Complete 
| 180|0x0000000716800000, 0x0000000716a00000, 0x0000000716a00000|100%| S|CS|TAMS 0x0000000716800000| PB 0x0000000716800000| Complete 
| 181|0x0000000716a00000, 0x0000000716c00000, 0x0000000716c00000|100%| S|CS|TAMS 0x0000000716a00000| PB 0x0000000716a00000| Complete 
| 182|0x0000000716c00000, 0x0000000716e00000, 0x0000000716e00000|100%| S|CS|TAMS 0x0000000716c00000| PB 0x0000000716c00000| Complete 
| 183|0x0000000716e00000, 0x0000000717000000, 0x0000000717000000|100%| S|CS|TAMS 0x0000000716e00000| PB 0x0000000716e00000| Complete 
| 184|0x0000000717000000, 0x0000000717200000, 0x0000000717200000|100%| S|CS|TAMS 0x0000000717000000| PB 0x0000000717000000| Complete 
| 185|0x0000000717200000, 0x0000000717400000, 0x0000000717400000|100%| S|CS|TAMS 0x0000000717200000| PB 0x0000000717200000| Complete 
| 186|0x0000000717400000, 0x0000000717600000, 0x0000000717600000|100%| S|CS|TAMS 0x0000000717400000| PB 0x0000000717400000| Complete 
| 187|0x0000000717600000, 0x0000000717800000, 0x0000000717800000|100%| S|CS|TAMS 0x0000000717600000| PB 0x0000000717600000| Complete 
| 188|0x0000000717800000, 0x0000000717a00000, 0x0000000717a00000|100%| S|CS|TAMS 0x0000000717800000| PB 0x0000000717800000| Complete 
| 189|0x0000000717a00000, 0x0000000717c00000, 0x0000000717c00000|100%| S|CS|TAMS 0x0000000717a00000| PB 0x0000000717a00000| Complete 
| 190|0x0000000717c00000, 0x0000000717e00000, 0x0000000717e00000|100%| S|CS|TAMS 0x0000000717c00000| PB 0x0000000717c00000| Complete 
| 191|0x0000000717e00000, 0x0000000717e00000, 0x0000000718000000|  0%| F|  |TAMS 0x0000000717e00000| PB 0x0000000717e00000| Untracked 
| 192|0x0000000718000000, 0x0000000718000000, 0x0000000718200000|  0%| F|  |TAMS 0x0000000718000000| PB 0x0000000718000000| Untracked 
| 193|0x0000000718200000, 0x0000000718200000, 0x0000000718400000|  0%| F|  |TAMS 0x0000000718200000| PB 0x0000000718200000| Untracked 
| 194|0x0000000718400000, 0x0000000718400000, 0x0000000718600000|  0%| F|  |TAMS 0x0000000718400000| PB 0x0000000718400000| Untracked 
| 195|0x0000000718600000, 0x0000000718600000, 0x0000000718800000|  0%| F|  |TAMS 0x0000000718600000| PB 0x0000000718600000| Untracked 
| 196|0x0000000718800000, 0x0000000718800000, 0x0000000718a00000|  0%| F|  |TAMS 0x0000000718800000| PB 0x0000000718800000| Untracked 
| 197|0x0000000718a00000, 0x0000000718a00000, 0x0000000718c00000|  0%| F|  |TAMS 0x0000000718a00000| PB 0x0000000718a00000| Untracked 
| 198|0x0000000718c00000, 0x0000000718c00000, 0x0000000718e00000|  0%| F|  |TAMS 0x0000000718c00000| PB 0x0000000718c00000| Untracked 
| 199|0x0000000718e00000, 0x0000000718e00000, 0x0000000719000000|  0%| F|  |TAMS 0x0000000718e00000| PB 0x0000000718e00000| Untracked 
| 200|0x0000000719000000, 0x0000000719000000, 0x0000000719200000|  0%| F|  |TAMS 0x0000000719000000| PB 0x0000000719000000| Untracked 
| 201|0x0000000719200000, 0x0000000719200000, 0x0000000719400000|  0%| F|  |TAMS 0x0000000719200000| PB 0x0000000719200000| Untracked 
| 202|0x0000000719400000, 0x0000000719400000, 0x0000000719600000|  0%| F|  |TAMS 0x0000000719400000| PB 0x0000000719400000| Untracked 
| 203|0x0000000719600000, 0x0000000719600000, 0x0000000719800000|  0%| F|  |TAMS 0x0000000719600000| PB 0x0000000719600000| Untracked 
| 204|0x0000000719800000, 0x0000000719800000, 0x0000000719a00000|  0%| F|  |TAMS 0x0000000719800000| PB 0x0000000719800000| Untracked 
| 205|0x0000000719a00000, 0x0000000719a00000, 0x0000000719c00000|  0%| F|  |TAMS 0x0000000719a00000| PB 0x0000000719a00000| Untracked 
| 206|0x0000000719c00000, 0x0000000719c00000, 0x0000000719e00000|  0%| F|  |TAMS 0x0000000719c00000| PB 0x0000000719c00000| Untracked 
| 207|0x0000000719e00000, 0x0000000719e00000, 0x000000071a000000|  0%| F|  |TAMS 0x0000000719e00000| PB 0x0000000719e00000| Untracked 
| 208|0x000000071a000000, 0x000000071a000000, 0x000000071a200000|  0%| F|  |TAMS 0x000000071a000000| PB 0x000000071a000000| Untracked 
| 209|0x000000071a200000, 0x000000071a200000, 0x000000071a400000|  0%| F|  |TAMS 0x000000071a200000| PB 0x000000071a200000| Untracked 
| 210|0x000000071a400000, 0x000000071a400000, 0x000000071a600000|  0%| F|  |TAMS 0x000000071a400000| PB 0x000000071a400000| Untracked 
| 211|0x000000071a600000, 0x000000071a600000, 0x000000071a800000|  0%| F|  |TAMS 0x000000071a600000| PB 0x000000071a600000| Untracked 
| 212|0x000000071a800000, 0x000000071a800000, 0x000000071aa00000|  0%| F|  |TAMS 0x000000071a800000| PB 0x000000071a800000| Untracked 
| 213|0x000000071aa00000, 0x000000071aa00000, 0x000000071ac00000|  0%| F|  |TAMS 0x000000071aa00000| PB 0x000000071aa00000| Untracked 
| 214|0x000000071ac00000, 0x000000071ac00000, 0x000000071ae00000|  0%| F|  |TAMS 0x000000071ac00000| PB 0x000000071ac00000| Untracked 
| 215|0x000000071ae00000, 0x000000071ae00000, 0x000000071b000000|  0%| F|  |TAMS 0x000000071ae00000| PB 0x000000071ae00000| Untracked 
| 216|0x000000071b000000, 0x000000071b000000, 0x000000071b200000|  0%| F|  |TAMS 0x000000071b000000| PB 0x000000071b000000| Untracked 
| 217|0x000000071b200000, 0x000000071b200000, 0x000000071b400000|  0%| F|  |TAMS 0x000000071b200000| PB 0x000000071b200000| Untracked 
| 218|0x000000071b400000, 0x000000071b400000, 0x000000071b600000|  0%| F|  |TAMS 0x000000071b400000| PB 0x000000071b400000| Untracked 
| 219|0x000000071b600000, 0x000000071b600000, 0x000000071b800000|  0%| F|  |TAMS 0x000000071b600000| PB 0x000000071b600000| Untracked 
| 220|0x000000071b800000, 0x000000071b91ef78, 0x000000071ba00000| 56%| E|  |TAMS 0x000000071b800000| PB 0x000000071b800000| Complete 
| 221|0x000000071ba00000, 0x000000071bc00000, 0x000000071bc00000|100%| E|CS|TAMS 0x000000071ba00000| PB 0x000000071ba00000| Complete 
| 222|0x000000071bc00000, 0x000000071be00000, 0x000000071be00000|100%| E|CS|TAMS 0x000000071bc00000| PB 0x000000071bc00000| Complete 
| 223|0x000000071be00000, 0x000000071c000000, 0x000000071c000000|100%| E|CS|TAMS 0x000000071be00000| PB 0x000000071be00000| Complete 
| 224|0x000000071c000000, 0x000000071c200000, 0x000000071c200000|100%| E|CS|TAMS 0x000000071c000000| PB 0x000000071c000000| Complete 
| 225|0x000000071c200000, 0x000000071c400000, 0x000000071c400000|100%| E|CS|TAMS 0x000000071c200000| PB 0x000000071c200000| Complete 
| 226|0x000000071c400000, 0x000000071c600000, 0x000000071c600000|100%| E|CS|TAMS 0x000000071c400000| PB 0x000000071c400000| Complete 
| 227|0x000000071c600000, 0x000000071c800000, 0x000000071c800000|100%| E|CS|TAMS 0x000000071c600000| PB 0x000000071c600000| Complete 
| 228|0x000000071c800000, 0x000000071ca00000, 0x000000071ca00000|100%| E|CS|TAMS 0x000000071c800000| PB 0x000000071c800000| Complete 
| 229|0x000000071ca00000, 0x000000071cc00000, 0x000000071cc00000|100%| E|CS|TAMS 0x000000071ca00000| PB 0x000000071ca00000| Complete 
| 230|0x000000071cc00000, 0x000000071ce00000, 0x000000071ce00000|100%| E|CS|TAMS 0x000000071cc00000| PB 0x000000071cc00000| Complete 
| 231|0x000000071ce00000, 0x000000071d000000, 0x000000071d000000|100%| E|CS|TAMS 0x000000071ce00000| PB 0x000000071ce00000| Complete 
| 232|0x000000071d000000, 0x000000071d200000, 0x000000071d200000|100%| E|CS|TAMS 0x000000071d000000| PB 0x000000071d000000| Complete 
| 233|0x000000071d200000, 0x000000071d400000, 0x000000071d400000|100%| E|CS|TAMS 0x000000071d200000| PB 0x000000071d200000| Complete 
| 234|0x000000071d400000, 0x000000071d600000, 0x000000071d600000|100%| E|CS|TAMS 0x000000071d400000| PB 0x000000071d400000| Complete 
| 235|0x000000071d600000, 0x000000071d800000, 0x000000071d800000|100%| E|CS|TAMS 0x000000071d600000| PB 0x000000071d600000| Complete 
| 236|0x000000071d800000, 0x000000071da00000, 0x000000071da00000|100%| E|CS|TAMS 0x000000071d800000| PB 0x000000071d800000| Complete 
| 237|0x000000071da00000, 0x000000071dc00000, 0x000000071dc00000|100%| E|CS|TAMS 0x000000071da00000| PB 0x000000071da00000| Complete 
| 238|0x000000071dc00000, 0x000000071de00000, 0x000000071de00000|100%| E|CS|TAMS 0x000000071dc00000| PB 0x000000071dc00000| Complete 
| 239|0x000000071de00000, 0x000000071e000000, 0x000000071e000000|100%| E|CS|TAMS 0x000000071de00000| PB 0x000000071de00000| Complete 
| 240|0x000000071e000000, 0x000000071e200000, 0x000000071e200000|100%| E|CS|TAMS 0x000000071e000000| PB 0x000000071e000000| Complete 
| 241|0x000000071e200000, 0x000000071e400000, 0x000000071e400000|100%| E|CS|TAMS 0x000000071e200000| PB 0x000000071e200000| Complete 
| 242|0x000000071e400000, 0x000000071e600000, 0x000000071e600000|100%| E|CS|TAMS 0x000000071e400000| PB 0x000000071e400000| Complete 
| 243|0x000000071e600000, 0x000000071e800000, 0x000000071e800000|100%| E|CS|TAMS 0x000000071e600000| PB 0x000000071e600000| Complete 
| 244|0x000000071e800000, 0x000000071ea00000, 0x000000071ea00000|100%| E|CS|TAMS 0x000000071e800000| PB 0x000000071e800000| Complete 
| 245|0x000000071ea00000, 0x000000071ec00000, 0x000000071ec00000|100%| E|CS|TAMS 0x000000071ea00000| PB 0x000000071ea00000| Complete 
| 246|0x000000071ec00000, 0x000000071ee00000, 0x000000071ee00000|100%| E|CS|TAMS 0x000000071ec00000| PB 0x000000071ec00000| Complete 
| 247|0x000000071ee00000, 0x000000071f000000, 0x000000071f000000|100%| E|CS|TAMS 0x000000071ee00000| PB 0x000000071ee00000| Complete 
| 248|0x000000071f000000, 0x000000071f200000, 0x000000071f200000|100%| E|CS|TAMS 0x000000071f000000| PB 0x000000071f000000| Complete 
| 249|0x000000071f200000, 0x000000071f400000, 0x000000071f400000|100%| E|CS|TAMS 0x000000071f200000| PB 0x000000071f200000| Complete 
| 250|0x000000071f400000, 0x000000071f600000, 0x000000071f600000|100%| E|CS|TAMS 0x000000071f400000| PB 0x000000071f400000| Complete 
| 251|0x000000071f600000, 0x000000071f800000, 0x000000071f800000|100%| E|CS|TAMS 0x000000071f600000| PB 0x000000071f600000| Complete 
| 252|0x000000071f800000, 0x000000071fa00000, 0x000000071fa00000|100%| E|CS|TAMS 0x000000071f800000| PB 0x000000071f800000| Complete 
| 253|0x000000071fa00000, 0x000000071fc00000, 0x000000071fc00000|100%| E|CS|TAMS 0x000000071fa00000| PB 0x000000071fa00000| Complete 
| 254|0x000000071fc00000, 0x000000071fe00000, 0x000000071fe00000|100%| E|CS|TAMS 0x000000071fc00000| PB 0x000000071fc00000| Complete 
| 255|0x000000071fe00000, 0x0000000720000000, 0x0000000720000000|100%| E|CS|TAMS 0x000000071fe00000| PB 0x000000071fe00000| Complete 

Card table byte_map: [0x0000021f4d410000,0x0000021f4dc10000] _byte_map_base: 0x0000021f49c10000

Marking Bits: (CMBitMap*) 0x0000021f3a52adc0
 Bits: [0x0000021f4dc10000, 0x0000021f51c10000)

Polling page: 0x0000021f382a0000

Metaspace:

Usage:
  Non-class:     54.12 MB used.
      Class:      8.77 MB used.
       Both:     62.89 MB used.

Virtual space:
  Non-class space:       64.00 MB reserved,      55.00 MB ( 86%) committed,  1 nodes.
      Class space:      832.00 MB reserved,       9.56 MB (  1%) committed,  1 nodes.
             Both:      896.00 MB reserved,      64.56 MB (  7%) committed. 

Chunk freelists:
   Non-Class:  8.48 MB
       Class:  6.44 MB
        Both:  14.92 MB

MaxMetaspaceSize: 1.00 GB
CompressedClassSpaceSize: 832.00 MB
Initial GC threshold: 21.00 MB
Current GC threshold: 98.06 MB
CDS: on
 - commit_granule_bytes: 65536.
 - commit_granule_words: 8192.
 - virtual_space_node_default_size: 8388608.
 - enlarge_chunks_in_place: 1.
 - use_allocation_guard: 0.


Internal statistics:

num_allocs_failed_limit: 9.
num_arena_births: 2950.
num_arena_deaths: 0.
num_vsnodes_births: 2.
num_vsnodes_deaths: 0.
num_space_committed: 1033.
num_space_uncommitted: 0.
num_chunks_returned_to_freelist: 9.
num_chunks_taken_from_freelist: 5624.
num_chunk_merges: 6.
num_chunk_splits: 3678.
num_chunks_enlarged: 2309.
num_inconsistent_stats: 0.

CodeHeap 'non-profiled nmethods': size=120000Kb used=5804Kb max_used=5804Kb free=114195Kb
 bounds [0x0000021f45190000, 0x0000021f45740000, 0x0000021f4c6c0000]
CodeHeap 'profiled nmethods': size=120000Kb used=17921Kb max_used=17921Kb free=102078Kb
 bounds [0x0000021f3d6c0000, 0x0000021f3e850000, 0x0000021f44bf0000]
CodeHeap 'non-nmethods': size=5760Kb used=2677Kb max_used=2726Kb free=3082Kb
 bounds [0x0000021f44bf0000, 0x0000021f44eb0000, 0x0000021f45190000]
CodeCache: size=245760Kb, used=26402Kb, max_used=26451Kb, free=219355Kb
 total_blobs=9797, nmethods=8860, adapters=841, full_count=0
Compilation: enabled, stopped_count=0, restarted_count=0

Compilation events (20 events):
Event: 56.547 Thread 0x0000021f548ae580 9559       1       org.gradle.internal.component.model.DefaultExternalComponentGraphResolveState::getLegacyMetadata (5 bytes)
Event: 56.547 Thread 0x0000021f548ae580 nmethod 9559 0x0000021f45738810 code [0x0000021f457389a0, 0x0000021f45738a70]
Event: 56.557 Thread 0x0000021f548ae580 9561       3       com.sun.org.apache.xerces.internal.impl.XMLEntityScanner::scanName (329 bytes)
Event: 56.558 Thread 0x0000021f548ae580 nmethod 9561 0x0000021f3e838110 code [0x0000021f3e8383c0, 0x0000021f3e838e18]
Event: 56.563 Thread 0x0000021f548ae580 9563       3       org.gradle.api.internal.artifacts.ivyservice.ivyresolve.parser.PomDomParser$AddDTDFilterInputStream::read (145 bytes)
Event: 56.563 Thread 0x0000021f548ae580 nmethod 9563 0x0000021f3e839290 code [0x0000021f3e8394a0, 0x0000021f3e839bf0]
Event: 56.565 Thread 0x0000021f5489ea50 nmethod 9558 0x0000021f45738b10 code [0x0000021f45738dc0, 0x0000021f45739b10]
Event: 56.565 Thread 0x0000021f5489ea50 9560       4       com.sun.org.apache.xerces.internal.impl.XMLEntityScanner::checkBeforeLoad (140 bytes)
Event: 56.571 Thread 0x0000021f5489ea50 nmethod 9560 0x0000021f4573a610 code [0x0000021f4573a7e0, 0x0000021f4573ad48]
Event: 56.571 Thread 0x0000021f5489ea50 9562       4       com.sun.org.apache.xerces.internal.util.SymbolTable::addSymbol (110 bytes)
Event: 56.580 Thread 0x0000021f548ae580 9565       3       org.gradle.cache.internal.btree.BTreePersistentIndexedCache$DataBlock::setValue (45 bytes)
Event: 56.581 Thread 0x0000021f548ae580 nmethod 9565 0x0000021f3e839e10 code [0x0000021f3e83a040, 0x0000021f3e83a7b8]
Event: 56.593 Thread 0x0000021f548ae580 9566       3       org.gradle.api.internal.artifacts.ivyservice.WritableArtifactCacheLockingAccessCoordinator$CacheLockingIndexedCache$$Lambda/0x0000021f01879478::get (12 bytes)
Event: 56.594 Thread 0x0000021f548ae580 nmethod 9566 0x0000021f3e83ab10 code [0x0000021f3e83acc0, 0x0000021f3e83af18]
Event: 56.594 Thread 0x0000021f548ae580 9567       3       org.gradle.api.internal.artifacts.ivyservice.WritableArtifactCacheLockingAccessCoordinator$CacheLockingIndexedCache::lambda$getIfPresent$0 (11 bytes)
Event: 56.594 Thread 0x0000021f548ae580 nmethod 9567 0x0000021f3e83b010 code [0x0000021f3e83b1c0, 0x0000021f3e83b3a0]
Event: 56.594 Thread 0x0000021f548ae580 9568       1       org.gradle.api.internal.artifacts.ivyservice.ivyresolve.ErrorHandlingModuleComponentRepository::getRemoteAccess (5 bytes)
Event: 56.594 Thread 0x0000021f548ae580 nmethod 9568 0x0000021f4573af90 code [0x0000021f4573b120, 0x0000021f4573b1f0]
Event: 56.600 Thread 0x0000021f548ae580 9569       3       jdk.internal.misc.InternalLock::newLockOrNull (18 bytes)
Event: 56.600 Thread 0x0000021f548ae580 nmethod 9569 0x0000021f3e83b490 code [0x0000021f3e83b680, 0x0000021f3e83bcc0]

GC Heap History (12 events):
Event: 0.590 GC heap before
{Heap before GC invocations=0 (full 0):
 garbage-first heap   total 524288K, used 26624K [0x0000000700000000, 0x0000000800000000)
  region size 2048K, 12 young (24576K), 0 survivors (0K)
 Metaspace       used 1292K, committed 1408K, reserved 917504K
  class space    used 110K, committed 192K, reserved 851968K
}
Event: 0.594 GC heap after
{Heap after GC invocations=1 (full 0):
 garbage-first heap   total 524288K, used 10304K [0x0000000700000000, 0x0000000800000000)
  region size 2048K, 2 young (4096K), 2 survivors (4096K)
 Metaspace       used 1292K, committed 1408K, reserved 917504K
  class space    used 110K, committed 192K, reserved 851968K
}
Event: 1.480 GC heap before
{Heap before GC invocations=1 (full 0):
 garbage-first heap   total 524288K, used 45120K [0x0000000700000000, 0x0000000800000000)
  region size 2048K, 19 young (38912K), 2 survivors (4096K)
 Metaspace       used 4295K, committed 4480K, reserved 917504K
  class space    used 545K, committed 640K, reserved 851968K
}
Event: 1.483 GC heap after
{Heap after GC invocations=2 (full 0):
 garbage-first heap   total 524288K, used 11988K [0x0000000700000000, 0x0000000800000000)
  region size 2048K, 1 young (2048K), 1 survivors (2048K)
 Metaspace       used 4295K, committed 4480K, reserved 917504K
  class space    used 545K, committed 640K, reserved 851968K
}
Event: 5.574 GC heap before
{Heap before GC invocations=2 (full 0):
 garbage-first heap   total 524288K, used 143060K [0x0000000700000000, 0x0000000800000000)
  region size 2048K, 67 young (137216K), 1 survivors (2048K)
 Metaspace       used 20860K, committed 21504K, reserved 917504K
  class space    used 3079K, committed 3392K, reserved 851968K
}
Event: 5.592 GC heap after
{Heap after GC invocations=3 (full 0):
 garbage-first heap   total 524288K, used 24302K [0x0000000700000000, 0x0000000800000000)
  region size 2048K, 7 young (14336K), 7 survivors (14336K)
 Metaspace       used 20860K, committed 21504K, reserved 917504K
  class space    used 3079K, committed 3392K, reserved 851968K
}
Event: 9.009 GC heap before
{Heap before GC invocations=4 (full 0):
 garbage-first heap   total 524288K, used 118510K [0x0000000700000000, 0x0000000800000000)
  region size 2048K, 54 young (110592K), 7 survivors (14336K)
 Metaspace       used 34789K, committed 35968K, reserved 917504K
  class space    used 5157K, committed 5760K, reserved 851968K
}
Event: 9.029 GC heap after
{Heap after GC invocations=5 (full 0):
 garbage-first heap   total 524288K, used 32504K [0x0000000700000000, 0x0000000800000000)
  region size 2048K, 11 young (22528K), 11 survivors (22528K)
 Metaspace       used 34789K, committed 35968K, reserved 917504K
  class space    used 5157K, committed 5760K, reserved 851968K
}
Event: 13.099 GC heap before
{Heap before GC invocations=6 (full 0):
 garbage-first heap   total 524288K, used 288504K [0x0000000700000000, 0x0000000800000000)
  region size 2048K, 135 young (276480K), 11 survivors (22528K)
 Metaspace       used 45266K, committed 46656K, reserved 917504K
  class space    used 6562K, committed 7232K, reserved 851968K
}
Event: 13.135 GC heap after
{Heap after GC invocations=7 (full 0):
 garbage-first heap   total 524288K, used 41746K [0x0000000700000000, 0x0000000800000000)
  region size 2048K, 9 young (18432K), 9 survivors (18432K)
 Metaspace       used 45266K, committed 46656K, reserved 917504K
  class space    used 6562K, committed 7232K, reserved 851968K
}
Event: 18.032 GC heap before
{Heap before GC invocations=7 (full 0):
 garbage-first heap   total 524288K, used 172818K [0x0000000700000000, 0x0000000800000000)
  region size 2048K, 74 young (151552K), 9 survivors (18432K)
 Metaspace       used 58518K, committed 60160K, reserved 917504K
  class space    used 8396K, committed 9216K, reserved 851968K
}
Event: 18.057 GC heap after
{Heap after GC invocations=8 (full 0):
 garbage-first heap   total 524288K, used 49765K [0x0000000700000000, 0x0000000800000000)
  region size 2048K, 13 young (26624K), 13 survivors (26624K)
 Metaspace       used 58518K, committed 60160K, reserved 917504K
  class space    used 8396K, committed 9216K, reserved 851968K
}

Dll operation events (14 events):
Event: 0.014 Loaded shared library C:\Users\ikwob\.antigravity-ide\extensions\redhat.java-1.54.0-win32-x64\jre\21.0.10-win32-x86_64\bin\java.dll
Event: 0.100 Loaded shared library C:\Users\ikwob\.antigravity-ide\extensions\redhat.java-1.54.0-win32-x64\jre\21.0.10-win32-x86_64\bin\zip.dll
Event: 0.122 Loaded shared library C:\Users\ikwob\.antigravity-ide\extensions\redhat.java-1.54.0-win32-x64\jre\21.0.10-win32-x86_64\bin\instrument.dll
Event: 0.126 Loaded shared library C:\Users\ikwob\.antigravity-ide\extensions\redhat.java-1.54.0-win32-x64\jre\21.0.10-win32-x86_64\bin\net.dll
Event: 0.129 Loaded shared library C:\Users\ikwob\.antigravity-ide\extensions\redhat.java-1.54.0-win32-x64\jre\21.0.10-win32-x86_64\bin\nio.dll
Event: 0.133 Loaded shared library C:\Users\ikwob\.antigravity-ide\extensions\redhat.java-1.54.0-win32-x64\jre\21.0.10-win32-x86_64\bin\zip.dll
Event: 0.405 Loaded shared library C:\Users\ikwob\.antigravity-ide\extensions\redhat.java-1.54.0-win32-x64\jre\21.0.10-win32-x86_64\bin\jimage.dll
Event: 0.571 Loaded shared library C:\Users\ikwob\.antigravity-ide\extensions\redhat.java-1.54.0-win32-x64\jre\21.0.10-win32-x86_64\bin\verify.dll
Event: 0.758 Loaded shared library C:\Users\ikwob\.gradle\native\c067742578af261105cb4f569cf0c3c89f3d7b1fecec35dd04571415982c5e48\windows-amd64\native-platform.dll
Event: 0.777 Loaded shared library C:\Users\ikwob\.gradle\native\100fb08df4bc3b14c8652ba06237920a3bd2aa13389f12d3474272988ae205f9\windows-amd64\native-platform-file-events.dll
Event: 2.132 Loaded shared library C:\Users\ikwob\.antigravity-ide\extensions\redhat.java-1.54.0-win32-x64\jre\21.0.10-win32-x86_64\bin\management.dll
Event: 2.138 Loaded shared library C:\Users\ikwob\.antigravity-ide\extensions\redhat.java-1.54.0-win32-x64\jre\21.0.10-win32-x86_64\bin\management_ext.dll
Event: 2.417 Loaded shared library C:\Users\ikwob\.antigravity-ide\extensions\redhat.java-1.54.0-win32-x64\jre\21.0.10-win32-x86_64\bin\extnet.dll
Event: 2.624 Loaded shared library C:\Users\ikwob\.antigravity-ide\extensions\redhat.java-1.54.0-win32-x64\jre\21.0.10-win32-x86_64\bin\sunmscapi.dll

Deoptimization events (20 events):
Event: 44.406 Thread 0x0000021f59c1ddd0 Uncommon trap: trap_request=0xffffffbe fr.pc=0x0000021f45671330 relative=0x0000000000000550
Event: 44.406 Thread 0x0000021f59c1ddd0 Uncommon trap: reason=profile_predicate action=maybe_recompile pc=0x0000021f45671330 method=com.sun.crypto.provider.HmacCore.engineInit(Ljava/security/Key;Ljava/security/spec/AlgorithmParameterSpec;)V @ 88 c2
Event: 44.406 Thread 0x0000021f59c1ddd0 DEOPT PACKING pc=0x0000021f45671330 sp=0x0000008df8afb920
Event: 44.406 Thread 0x0000021f59c1ddd0 DEOPT UNPACKING pc=0x0000021f44c44422 sp=0x0000008df8afb8b8 mode 2
Event: 44.407 Thread 0x0000021f59c1ddd0 Uncommon trap: trap_request=0xffffffbe fr.pc=0x0000021f45671330 relative=0x0000000000000550
Event: 44.407 Thread 0x0000021f59c1ddd0 Uncommon trap: reason=profile_predicate action=maybe_recompile pc=0x0000021f45671330 method=com.sun.crypto.provider.HmacCore.engineInit(Ljava/security/Key;Ljava/security/spec/AlgorithmParameterSpec;)V @ 88 c2
Event: 44.407 Thread 0x0000021f59c1ddd0 DEOPT PACKING pc=0x0000021f45671330 sp=0x0000008df8afb900
Event: 44.407 Thread 0x0000021f59c1ddd0 DEOPT UNPACKING pc=0x0000021f44c44422 sp=0x0000008df8afb898 mode 2
Event: 47.983 Thread 0x0000021f59c1f180 DEOPT PACKING pc=0x0000021f3e437aed sp=0x0000008df8dfcab0
Event: 47.983 Thread 0x0000021f59c1f180 DEOPT UNPACKING pc=0x0000021f44c44bc2 sp=0x0000008df8dfbfd0 mode 0
Event: 53.251 Thread 0x0000021f5eb90720 Uncommon trap: trap_request=0xffffff6e fr.pc=0x0000021f45713bb4 relative=0x0000000000001294
Event: 53.251 Thread 0x0000021f5eb90720 Uncommon trap: reason=loop_limit_check action=maybe_recompile pc=0x0000021f45713bb4 method=com.sun.org.apache.xerces.internal.parsers.AbstractDOMParser.startElement(Lcom/sun/org/apache/xerces/internal/xni/QName;Lcom/sun/org/apache/xerces/internal/xni/XMLA
Event: 53.251 Thread 0x0000021f5eb90720 DEOPT PACKING pc=0x0000021f45713bb4 sp=0x0000008df9dfccc0
Event: 53.251 Thread 0x0000021f5eb90720 DEOPT UNPACKING pc=0x0000021f44c44422 sp=0x0000008df9dfcc40 mode 2
Event: 56.529 Thread 0x0000021f5eb90720 Uncommon trap: trap_request=0xffffff45 fr.pc=0x0000021f4569c038 relative=0x0000000000001af8
Event: 56.529 Thread 0x0000021f5eb90720 Uncommon trap: reason=unstable_if action=reinterpret pc=0x0000021f4569c038 method=com.sun.org.apache.xerces.internal.impl.XMLEntityScanner.scanName(Lcom/sun/org/apache/xerces/internal/impl/XMLScanner$NameType;)Ljava/lang/String; @ 75 c2
Event: 56.529 Thread 0x0000021f5eb90720 DEOPT PACKING pc=0x0000021f4569c038 sp=0x0000008df9dfa050
Event: 56.529 Thread 0x0000021f5eb90720 DEOPT UNPACKING pc=0x0000021f44c44422 sp=0x0000008df9dfa060 mode 2
Event: 56.546 Thread 0x0000021f5eb90720 DEOPT PACKING pc=0x0000021f3e5ec8d3 sp=0x0000008df9dfa080
Event: 56.546 Thread 0x0000021f5eb90720 DEOPT UNPACKING pc=0x0000021f44c44bc2 sp=0x0000008df9df9608 mode 0

Classes loaded (20 events):
Event: 24.614 Loading class com/sun/org/apache/xerces/internal/dom/DeferredCommentImpl
Event: 24.614 Loading class com/sun/org/apache/xerces/internal/dom/CommentImpl
Event: 24.614 Loading class org/w3c/dom/Comment
Event: 24.614 Loading class org/w3c/dom/Comment done
Event: 24.614 Loading class com/sun/org/apache/xerces/internal/dom/CommentImpl done
Event: 24.614 Loading class com/sun/org/apache/xerces/internal/dom/DeferredCommentImpl done
Event: 28.255 Loading class java/lang/foreign/MemorySegment
Event: 28.256 Loading class java/lang/foreign/MemorySegment done
Event: 28.784 Loading class sun/security/ssl/Alert
Event: 28.785 Loading class sun/security/ssl/Alert done
Event: 28.785 Loading class sun/security/ssl/Alert$AlertConsumer
Event: 28.785 Loading class sun/security/ssl/Alert$AlertConsumer done
Event: 28.785 Loading class sun/security/ssl/Alert$Level
Event: 28.785 Loading class sun/security/ssl/Alert$Level done
Event: 38.366 Loading class com/sun/org/apache/xerces/internal/util/EncodingMap
Event: 38.367 Loading class com/sun/org/apache/xerces/internal/util/EncodingMap done
Event: 38.368 Loading class sun/nio/cs/ISO_8859_1$Decoder
Event: 38.368 Loading class sun/nio/cs/ISO_8859_1$Decoder done
Event: 44.286 Loading class java/util/zip/GZIPInputStream$1
Event: 44.286 Loading class java/util/zip/GZIPInputStream$1 done

Classes unloaded (0 events):
No events

Classes redefined (0 events):
No events

Internal exceptions (20 events):
Event: 15.734 Thread 0x0000021f5a92c280 Exception <a 'java/lang/NoSuchMethodError'{0x000000071ad36080}: 'java.lang.Object java.lang.invoke.DirectMethodHandle$Holder.invokeSpecial(java.lang.Object, java.lang.Object, java.lang.Object, java.lang.Object, java.lang.Object, java.lang.Object, java.lang.Object, java.lang.Object, java.lang.Object, java.lang.Object, java.lang.Object, java.lang.Object, java.lang.Object, java.lang.Object, java.lang.Object, java.lang.Object, java.lang.Object, java.lang.Object, java.lang.Object, java.lang.Object, java.lang.Ob
Event: 15.734 Thread 0x0000021f5a92c280 Exception <a 'java/lang/NoSuchMethodError'{0x000000071ad3cb20}: 'java.lang.Object java.lang.invoke.DelegatingMethodHandle$Holder.reinvoke_L(java.lang.Object, java.lang.Object, java.lang.Object, java.lang.Object, java.lang.Object, java.lang.Object, java.lang.Object, java.lang.Object, java.lang.Object, java.lang.Object, java.lang.Object, java.lang.Object, java.lang.Object, java.lang.Object, java.lang.Object, java.lang.Object, java.lang.Object, java.lang.Object, java.lang.Object, java.lang.Object, java.lang.O
Event: 15.826 Thread 0x0000021f5a92c280 Exception <a 'java/lang/ClassNotFoundException'{0x000000071a861dc0}: org/gradle/api/internal/artifacts/dsl/dependencies/DefaultDependencyHandler_DecoratedBeanInfo> (0x000000071a861dc0) 
thrown [s\src\hotspot\share\classfile\systemDictionary.cpp, line 312]
Event: 15.828 Thread 0x0000021f5a92c280 Exception <a 'java/lang/ClassNotFoundException'{0x000000071a877d00}: org/gradle/api/internal/artifacts/dsl/dependencies/DefaultDependencyHandlerBeanInfo> (0x000000071a877d00) 
thrown [s\src\hotspot\share\classfile\systemDictionary.cpp, line 312]
Event: 15.828 Thread 0x0000021f5a92c280 Exception <a 'java/lang/ClassNotFoundException'{0x000000071a88d9c0}: org/gradle/api/internal/artifacts/dsl/dependencies/DefaultDependencyHandlerCustomizer> (0x000000071a88d9c0) 
thrown [s\src\hotspot\share\classfile\systemDictionary.cpp, line 312]
Event: 15.837 Thread 0x0000021f5a92c280 Exception <a 'java/lang/ClassNotFoundException'{0x000000071a8e6a50}: org/gradle/api/internal/artifacts/dsl/dependencies/DefaultDependencyHandler_DecoratedCustomizer> (0x000000071a8e6a50) 
thrown [s\src\hotspot\share\classfile\systemDictionary.cpp, line 312]
Event: 15.894 Thread 0x0000021f5a92c280 Exception <a 'java/lang/ClassNotFoundException'{0x000000071a631290}: groovy/lang/GString$1BeanInfo> (0x000000071a631290) 
thrown [s\src\hotspot\share\classfile\systemDictionary.cpp, line 312]
Event: 15.894 Thread 0x0000021f5a92c280 Exception <a 'java/lang/ClassNotFoundException'{0x000000071a643510}: groovy/lang/GStringBeanInfo> (0x000000071a643510) 
thrown [s\src\hotspot\share\classfile\systemDictionary.cpp, line 312]
Event: 15.896 Thread 0x0000021f5a92c280 Exception <a 'java/lang/ClassNotFoundException'{0x000000071a655a10}: groovy/lang/GStringCustomizer> (0x000000071a655a10) 
thrown [s\src\hotspot\share\classfile\systemDictionary.cpp, line 312]
Event: 15.904 Thread 0x0000021f5a92c280 Exception <a 'java/lang/ClassNotFoundException'{0x000000071a673788}: groovy/lang/GString$1Customizer> (0x000000071a673788) 
thrown [s\src\hotspot\share\classfile\systemDictionary.cpp, line 312]
Event: 15.919 Thread 0x0000021f5a92c280 Exception <a 'java/lang/ClassNotFoundException'{0x000000071a77a158}: org/codehaus/groovy/runtime/GStringImplBeanInfo> (0x000000071a77a158) 
thrown [s\src\hotspot\share\classfile\systemDictionary.cpp, line 312]
Event: 15.922 Thread 0x0000021f5a92c280 Exception <a 'java/lang/ClassNotFoundException'{0x000000071a78bed8}: org/codehaus/groovy/runtime/GStringImplCustomizer> (0x000000071a78bed8) 
thrown [s\src\hotspot\share\classfile\systemDictionary.cpp, line 312]
Event: 16.007 Thread 0x0000021f5a92c280 Exception <a 'java/lang/NoSuchMethodError'{0x000000071a5fd9f0}: 'java.lang.Object java.lang.invoke.DirectMethodHandle$Holder.newInvokeSpecial(java.lang.Object, int, java.lang.Object)'> (0x000000071a5fd9f0) 
thrown [s\src\hotspot\share\interpreter\linkResolver.cpp, line 773]
Event: 16.240 Thread 0x0000021f5a92c280 Exception <a 'java/lang/NoSuchMethodError'{0x0000000719e52778}: 'java.lang.Object java.lang.invoke.DirectMethodHandle$Holder.newInvokeSpecial(java.lang.Object, java.lang.Object, java.lang.Object, int)'> (0x0000000719e52778) 
thrown [s\src\hotspot\share\interpreter\linkResolver.cpp, line 773]
Event: 16.240 Thread 0x0000021f5a92c280 Exception <a 'java/lang/NoSuchMethodError'{0x0000000719e57080}: 'java.lang.Object java.lang.invoke.Invokers$Holder.linkToTargetMethod(java.lang.Object, java.lang.Object, int, java.lang.Object)'> (0x0000000719e57080) 
thrown [s\src\hotspot\share\interpreter\linkResolver.cpp, line 773]
Event: 16.326 Thread 0x0000021f5a92c280 Exception <a 'java/lang/NoSuchMethodError'{0x0000000719c8d920}: 'java.lang.Object java.lang.invoke.DirectMethodHandle$Holder.invokeSpecial(java.lang.Object, java.lang.Object, long, java.lang.Object, java.lang.Object)'> (0x0000000719c8d920) 
thrown [s\src\hotspot\share\interpreter\linkResolver.cpp, line 773]
Event: 16.617 Thread 0x0000021f5c7c8920 Implicit null exception at 0x0000021f452730fc to 0x0000021f4527312c
Event: 16.697 Thread 0x0000021f5c7c8920 Exception <a 'sun/nio/fs/WindowsException'{0x00000007190135a0}> (0x00000007190135a0) 
thrown [s\src\hotspot\share\prims\jni.cpp, line 520]
Event: 24.466 Thread 0x0000021f5c7c8920 Exception <a 'java/lang/NoSuchMethodError'{0x000000071f4b4150}: 'int java.lang.invoke.DirectMethodHandle$Holder.invokeSpecial(java.lang.Object, java.lang.Object, int)'> (0x000000071f4b4150) 
thrown [s\src\hotspot\share\interpreter\linkResolver.cpp, line 773]
Event: 25.040 Thread 0x0000021f5a92c280 Exception <a 'java/lang/NoSuchMethodError'{0x000000071f644a30}: 'int java.lang.invoke.DirectMethodHandle$Holder.invokeSpecialIFC(java.lang.Object, java.lang.Object, java.lang.Object)'> (0x000000071f644a30) 
thrown [s\src\hotspot\share\interpreter\linkResolver.cpp, line 773]

ZGC Phase Switch (0 events):
No events

VM Operations (20 events):
Event: 44.818 Executing safepoint VM operation: Cleanup
Event: 44.818 Executing safepoint VM operation: Cleanup done
Event: 46.835 Executing safepoint VM operation: Cleanup
Event: 46.835 Executing safepoint VM operation: Cleanup done
Event: 47.851 Executing safepoint VM operation: Cleanup
Event: 47.851 Executing safepoint VM operation: Cleanup done
Event: 48.866 Executing safepoint VM operation: Cleanup
Event: 48.866 Executing safepoint VM operation: Cleanup done
Event: 49.867 Executing safepoint VM operation: Cleanup
Event: 49.867 Executing safepoint VM operation: Cleanup done
Event: 50.881 Executing safepoint VM operation: Cleanup
Event: 50.881 Executing safepoint VM operation: Cleanup done
Event: 51.882 Executing safepoint VM operation: Cleanup
Event: 51.882 Executing safepoint VM operation: Cleanup done
Event: 52.894 Executing safepoint VM operation: Cleanup
Event: 52.894 Executing safepoint VM operation: Cleanup done
Event: 53.898 Executing safepoint VM operation: Cleanup
Event: 53.898 Executing safepoint VM operation: Cleanup done
Event: 54.906 Executing safepoint VM operation: Cleanup
Event: 54.906 Executing safepoint VM operation: Cleanup done

Memory protections (0 events):
No events

Nmethod flushes (20 events):
Event: 18.081 Thread 0x0000021f5486c950 flushing  nmethod 0x0000021f3d890010
Event: 18.081 Thread 0x0000021f5486c950 flushing  nmethod 0x0000021f3d9e4e10
Event: 18.081 Thread 0x0000021f5486c950 flushing  nmethod 0x0000021f3d9e9b10
Event: 18.081 Thread 0x0000021f5486c950 flushing  nmethod 0x0000021f3d9edf90
Event: 18.081 Thread 0x0000021f5486c950 flushing  nmethod 0x0000021f3db39c10
Event: 18.081 Thread 0x0000021f5486c950 flushing  nmethod 0x0000021f3db3c010
Event: 18.081 Thread 0x0000021f5486c950 flushing  nmethod 0x0000021f3db98490
Event: 18.081 Thread 0x0000021f5486c950 flushing  nmethod 0x0000021f3db99690
Event: 18.081 Thread 0x0000021f5486c950 flushing  nmethod 0x0000021f3db99b90
Event: 18.081 Thread 0x0000021f5486c950 flushing  nmethod 0x0000021f3db9a910
Event: 18.081 Thread 0x0000021f5486c950 flushing  nmethod 0x0000021f3db9ae90
Event: 18.081 Thread 0x0000021f5486c950 flushing  nmethod 0x0000021f3dd0e510
Event: 18.081 Thread 0x0000021f5486c950 flushing  nmethod 0x0000021f3dd33190
Event: 18.081 Thread 0x0000021f5486c950 flushing  nmethod 0x0000021f3de13a10
Event: 18.081 Thread 0x0000021f5486c950 flushing  nmethod 0x0000021f3de14190
Event: 18.081 Thread 0x0000021f5486c950 flushing  nmethod 0x0000021f3de14610
Event: 18.081 Thread 0x0000021f5486c950 flushing  nmethod 0x0000021f3de15210
Event: 18.081 Thread 0x0000021f5486c950 flushing  nmethod 0x0000021f3de15b90
Event: 18.081 Thread 0x0000021f5486c950 flushing  nmethod 0x0000021f3de16c90
Event: 18.081 Thread 0x0000021f5486c950 flushing  nmethod 0x0000021f3de73990

Events (20 events):
Event: 42.830 Thread 0x0000021f5a92c280 Thread added: 0x0000021f59c1fea0
Event: 42.830 Thread 0x0000021f5a92c280 Thread added: 0x0000021f59c20530
Event: 42.830 Thread 0x0000021f5a92c280 Thread added: 0x0000021f59c20bc0
Event: 42.830 Thread 0x0000021f5a92c280 Thread added: 0x0000021f59c21250
Event: 42.830 Thread 0x0000021f5a92c280 Thread added: 0x0000021f5eb927f0
Event: 43.529 Thread 0x0000021f548ad110 Thread exited: 0x0000021f548ad110
Event: 44.368 Thread 0x0000021f548ae580 Thread added: 0x0000021f548ad110
Event: 45.170 Thread 0x0000021f548ad110 Thread exited: 0x0000021f548ad110
Event: 48.575 Thread 0x0000021f5a92c280 Thread added: 0x0000021f5eb8f370
Event: 48.575 Thread 0x0000021f5a92c280 Thread added: 0x0000021f5eb90db0
Event: 48.575 Thread 0x0000021f5a92c280 Thread added: 0x0000021f5eb91440
Event: 48.576 Thread 0x0000021f5a92c280 Thread added: 0x0000021f5eb92e80
Event: 48.576 Thread 0x0000021f5a92c280 Thread added: 0x0000021f5eb91ad0
Event: 51.665 Thread 0x0000021f548ae580 Thread added: 0x0000021f548ad110
Event: 51.665 Thread 0x0000021f548ae580 Thread added: 0x0000021f548ad7e0
Event: 51.676 Thread 0x0000021f5a92c280 Thread added: 0x0000021f5eb90090
Event: 51.677 Thread 0x0000021f5a92c280 Thread added: 0x0000021f5eb90720
Event: 51.677 Thread 0x0000021f5a92c280 Thread added: 0x0000021f5eb92160
Event: 52.602 Thread 0x0000021f548ad7e0 Thread exited: 0x0000021f548ad7e0
Event: 52.602 Thread 0x0000021f548ad110 Thread exited: 0x0000021f548ad110


Dynamic libraries:
0x00007ff72d790000 - 0x00007ff72d79e000 	C:\Users\ikwob\.antigravity-ide\extensions\redhat.java-1.54.0-win32-x64\jre\21.0.10-win32-x86_64\bin\java.exe
0x00007ffa62c00000 - 0x00007ffa62e66000 	C:\WINDOWS\SYSTEM32\ntdll.dll
0x00007ffa61a10000 - 0x00007ffa61ad9000 	C:\WINDOWS\System32\KERNEL32.DLL
0x00007ffa601f0000 - 0x00007ffa605ea000 	C:\WINDOWS\System32\KERNELBASE.dll
0x00007ffa60820000 - 0x00007ffa6096c000 	C:\WINDOWS\System32\ucrtbase.dll
0x00007ffa40eb0000 - 0x00007ffa40ece000 	C:\Users\ikwob\.antigravity-ide\extensions\redhat.java-1.54.0-win32-x64\jre\21.0.10-win32-x86_64\bin\VCRUNTIME140.dll
0x00007ffa42530000 - 0x00007ffa42548000 	C:\Users\ikwob\.antigravity-ide\extensions\redhat.java-1.54.0-win32-x64\jre\21.0.10-win32-x86_64\bin\jli.dll
0x00007ffa61540000 - 0x00007ffa61707000 	C:\WINDOWS\System32\USER32.dll
0x00007ffa607f0000 - 0x00007ffa60817000 	C:\WINDOWS\System32\win32u.dll
0x00007ffa5f290000 - 0x00007ffa5f522000 	C:\WINDOWS\WinSxS\amd64_microsoft.windows.common-controls_6595b64144ccf1df_6.0.26100.8521_none_3e08b75ce33403b3\COMCTL32.dll
0x00007ffa61ae0000 - 0x00007ffa61b0b000 	C:\WINDOWS\System32\GDI32.dll
0x00007ffa61e50000 - 0x00007ffa61ef9000 	C:\WINDOWS\System32\msvcrt.dll
0x00007ffa60010000 - 0x00007ffa6013b000 	C:\WINDOWS\System32\gdi32full.dll
0x00007ffa60680000 - 0x00007ffa60723000 	C:\WINDOWS\System32\msvcp_win.dll
0x00007ffa61790000 - 0x00007ffa617c2000 	C:\WINDOWS\System32\IMM32.DLL
0x00007ffa57430000 - 0x00007ffa5743c000 	C:\Users\ikwob\.antigravity-ide\extensions\redhat.java-1.54.0-win32-x64\jre\21.0.10-win32-x86_64\bin\vcruntime140_1.dll
0x00007ff9a2f80000 - 0x00007ff9a300d000 	C:\Users\ikwob\.antigravity-ide\extensions\redhat.java-1.54.0-win32-x64\jre\21.0.10-win32-x86_64\bin\msvcp140.dll
0x00007ff97e2a0000 - 0x00007ff97f041000 	C:\Users\ikwob\.antigravity-ide\extensions\redhat.java-1.54.0-win32-x64\jre\21.0.10-win32-x86_64\bin\server\jvm.dll
0x00007ffa61f00000 - 0x00007ffa61fb6000 	C:\WINDOWS\System32\ADVAPI32.dll
0x00007ffa61470000 - 0x00007ffa6151a000 	C:\WINDOWS\System32\sechost.dll
0x00007ffa60fc0000 - 0x00007ffa610d8000 	C:\WINDOWS\System32\RPCRT4.dll
0x00007ffa620f0000 - 0x00007ffa62170000 	C:\WINDOWS\System32\WS2_32.dll
0x00007ffa54300000 - 0x00007ffa54336000 	C:\WINDOWS\SYSTEM32\WINMM.dll
0x00007ffa5fcf0000 - 0x00007ffa5fd4e000 	C:\WINDOWS\SYSTEM32\POWRPROF.dll
0x00007ffa4cd40000 - 0x00007ffa4cd4b000 	C:\WINDOWS\SYSTEM32\VERSION.dll
0x00007ffa5fcd0000 - 0x00007ffa5fce4000 	C:\WINDOWS\SYSTEM32\UMPDC.dll
0x00007ffa5e2f0000 - 0x00007ffa5e30b000 	C:\WINDOWS\SYSTEM32\kernel.appcore.dll
0x00007ffa3a150000 - 0x00007ffa3a15a000 	C:\Users\ikwob\.antigravity-ide\extensions\redhat.java-1.54.0-win32-x64\jre\21.0.10-win32-x86_64\bin\jimage.dll
0x00007ffa5f640000 - 0x00007ffa5f882000 	C:\WINDOWS\SYSTEM32\DBGHELP.DLL
0x00007ffa610e0000 - 0x00007ffa61463000 	C:\WINDOWS\System32\combase.dll
0x00007ffa621d0000 - 0x00007ffa622a9000 	C:\WINDOWS\System32\OLEAUT32.dll
0x00007ffa5f530000 - 0x00007ffa5f56b000 	C:\WINDOWS\SYSTEM32\dbgcore.DLL
0x00007ffa60140000 - 0x00007ffa601e8000 	C:\WINDOWS\System32\bcryptPrimitives.dll
0x00007ffa34250000 - 0x00007ffa3425f000 	C:\Users\ikwob\.antigravity-ide\extensions\redhat.java-1.54.0-win32-x64\jre\21.0.10-win32-x86_64\bin\instrument.dll
0x00007ffa384e0000 - 0x00007ffa38500000 	C:\Users\ikwob\.antigravity-ide\extensions\redhat.java-1.54.0-win32-x64\jre\21.0.10-win32-x86_64\bin\java.dll
0x00007ffa622c0000 - 0x00007ffa62a44000 	C:\WINDOWS\System32\SHELL32.dll
0x00007ffa5cf70000 - 0x00007ffa5d7f0000 	C:\WINDOWS\SYSTEM32\windows.storage.dll
0x00007ffa61910000 - 0x00007ffa61a06000 	C:\WINDOWS\System32\SHCORE.dll
0x00007ffa62080000 - 0x00007ffa620e7000 	C:\WINDOWS\System32\shlwapi.dll
0x00007ffa5fdb0000 - 0x00007ffa5fdd9000 	C:\WINDOWS\SYSTEM32\profapi.dll
0x00007ffa384c0000 - 0x00007ffa384d8000 	C:\Users\ikwob\.antigravity-ide\extensions\redhat.java-1.54.0-win32-x64\jre\21.0.10-win32-x86_64\bin\zip.dll
0x00007ffa3a140000 - 0x00007ffa3a150000 	C:\Users\ikwob\.antigravity-ide\extensions\redhat.java-1.54.0-win32-x64\jre\21.0.10-win32-x86_64\bin\net.dll
0x00007ffa4f060000 - 0x00007ffa4f189000 	C:\WINDOWS\SYSTEM32\WINHTTP.dll
0x00007ffa5e860000 - 0x00007ffa5e8cc000 	C:\WINDOWS\system32\mswsock.dll
0x00007ffa34100000 - 0x00007ffa34116000 	C:\Users\ikwob\.antigravity-ide\extensions\redhat.java-1.54.0-win32-x64\jre\21.0.10-win32-x86_64\bin\nio.dll
0x00007ffa341b0000 - 0x00007ffa341c0000 	C:\Users\ikwob\.antigravity-ide\extensions\redhat.java-1.54.0-win32-x64\jre\21.0.10-win32-x86_64\bin\verify.dll
0x00007ff9e46b0000 - 0x00007ff9e46d7000 	C:\Users\ikwob\.gradle\native\c067742578af261105cb4f569cf0c3c89f3d7b1fecec35dd04571415982c5e48\windows-amd64\native-platform.dll
0x00007ff975b70000 - 0x00007ff975cb4000 	C:\Users\ikwob\.gradle\native\100fb08df4bc3b14c8652ba06237920a3bd2aa13389f12d3474272988ae205f9\windows-amd64\native-platform-file-events.dll
0x00007ffa573b0000 - 0x00007ffa573ba000 	C:\Users\ikwob\.antigravity-ide\extensions\redhat.java-1.54.0-win32-x64\jre\21.0.10-win32-x86_64\bin\management.dll
0x00007ffa573a0000 - 0x00007ffa573ac000 	C:\Users\ikwob\.antigravity-ide\extensions\redhat.java-1.54.0-win32-x64\jre\21.0.10-win32-x86_64\bin\management_ext.dll
0x00007ffa62a50000 - 0x00007ffa62a58000 	C:\WINDOWS\System32\PSAPI.DLL
0x00007ffa5f9b0000 - 0x00007ffa5f9cb000 	C:\WINDOWS\SYSTEM32\CRYPTSP.dll
0x00007ffa5e760000 - 0x00007ffa5e799000 	C:\WINDOWS\system32\rsaenh.dll
0x00007ffa5e910000 - 0x00007ffa5e943000 	C:\WINDOWS\SYSTEM32\USERENV.dll
0x00007ffa5fd80000 - 0x00007ffa5fdaa000 	C:\WINDOWS\SYSTEM32\bcrypt.dll
0x00007ffa5eb70000 - 0x00007ffa5eb7c000 	C:\WINDOWS\SYSTEM32\CRYPTBASE.dll
0x00007ffa5dcf0000 - 0x00007ffa5dd23000 	C:\WINDOWS\SYSTEM32\IPHLPAPI.DLL
0x00007ffa60b20000 - 0x00007ffa60b2a000 	C:\WINDOWS\System32\NSI.dll
0x00007ffa342e0000 - 0x00007ffa342e9000 	C:\Users\ikwob\.antigravity-ide\extensions\redhat.java-1.54.0-win32-x64\jre\21.0.10-win32-x86_64\bin\extnet.dll
0x00007ffa358e0000 - 0x00007ffa358ee000 	C:\Users\ikwob\.antigravity-ide\extensions\redhat.java-1.54.0-win32-x64\jre\21.0.10-win32-x86_64\bin\sunmscapi.dll
0x00007ffa5fe90000 - 0x00007ffa60008000 	C:\WINDOWS\System32\CRYPT32.dll
0x00007ffa5ee90000 - 0x00007ffa5eec0000 	C:\WINDOWS\SYSTEM32\ncrypt.dll
0x00007ffa5ef40000 - 0x00007ffa5ef7f000 	C:\WINDOWS\SYSTEM32\NTASN1.dll
0x00007ffa35490000 - 0x00007ffa35498000 	C:\WINDOWS\system32\wshunix.dll
0x00007ffa5dd50000 - 0x00007ffa5de9a000 	C:\WINDOWS\SYSTEM32\DNSAPI.dll
0x00007ffa5e620000 - 0x00007ffa5e62d000 	C:\WINDOWS\SYSTEM32\DSPARSE.dll
0x00007ffa53e10000 - 0x00007ffa53e1b000 	C:\Windows\System32\rasadhlp.dll
0x00007ffa566d0000 - 0x00007ffa56756000 	C:\WINDOWS\System32\fwpuclnt.dll

JVMTI agents:
C:\Users\ikwob\.gradle\wrapper\dists\gradle-8.9-bin\90cnw93cvbtalezasaz0blq0a\gradle-8.9\lib\agents\gradle-instrumentation-agent-8.9.jar path:C:\Users\ikwob\.antigravity-ide\extensions\redhat.java-1.54.0-win32-x64\jre\21.0.10-win32-x86_64\bin\instrument.dll, loaded, initialized, instrumentlib options:none

dbghelp: loaded successfully - version: 4.0.5 - missing functions: none
symbol engine: initialized successfully - sym options: 0x614 - pdb path: .;C:\Users\ikwob\.antigravity-ide\extensions\redhat.java-1.54.0-win32-x64\jre\21.0.10-win32-x86_64\bin;C:\WINDOWS\SYSTEM32;C:\WINDOWS\WinSxS\amd64_microsoft.windows.common-controls_6595b64144ccf1df_6.0.26100.8521_none_3e08b75ce33403b3;C:\Users\ikwob\.antigravity-ide\extensions\redhat.java-1.54.0-win32-x64\jre\21.0.10-win32-x86_64\bin\server;C:\Users\ikwob\.gradle\native\c067742578af261105cb4f569cf0c3c89f3d7b1fecec35dd04571415982c5e48\windows-amd64;C:\Users\ikwob\.gradle\native\100fb08df4bc3b14c8652ba06237920a3bd2aa13389f12d3474272988ae205f9\windows-amd64

VM Arguments:
jvm_args: -XX:MaxMetaspaceSize=1g --add-opens=java.base/java.util=ALL-UNNAMED --add-opens=java.base/java.lang=ALL-UNNAMED --add-opens=java.base/java.lang.invoke=ALL-UNNAMED --add-opens=java.prefs/java.util.prefs=ALL-UNNAMED --add-exports=jdk.compiler/com.sun.tools.javac.api=ALL-UNNAMED --add-exports=jdk.compiler/com.sun.tools.javac.util=ALL-UNNAMED --add-opens=java.base/java.nio.charset=ALL-UNNAMED --add-opens=java.base/java.net=ALL-UNNAMED --add-opens=java.base/java.util.concurrent.atomic=ALL-UNNAMED -Xms512M -Xmx4g -Dfile.encoding=utf8 -Duser.country=US -Duser.language=en -Duser.variant -javaagent:C:\Users\ikwob\.gradle\wrapper\dists\gradle-8.9-bin\90cnw93cvbtalezasaz0blq0a\gradle-8.9\lib\agents\gradle-instrumentation-agent-8.9.jar 
java_command: org.gradle.launcher.daemon.bootstrap.GradleDaemon 8.9
java_class_path (initial): C:\Users\ikwob\.gradle\wrapper\dists\gradle-8.9-bin\90cnw93cvbtalezasaz0blq0a\gradle-8.9\lib\gradle-daemon-main-8.9.jar
Launcher Type: SUN_STANDARD

[Global flags]
     intx CICompilerCount                          = 4                                         {product} {ergonomic}
   size_t CompressedClassSpaceSize                 = 872415232                                 {product} {ergonomic}
     uint ConcGCThreads                            = 3                                         {product} {ergonomic}
     uint G1ConcRefinementThreads                  = 10                                        {product} {ergonomic}
   size_t G1HeapRegionSize                         = 2097152                                   {product} {ergonomic}
    uintx GCDrainStackTargetSize                   = 64                                        {product} {ergonomic}
   size_t InitialHeapSize                          = 536870912                                 {product} {command line}
   size_t MarkStackSize                            = 4194304                                   {product} {ergonomic}
   size_t MaxHeapSize                              = 4294967296                                {product} {command line}
   size_t MaxMetaspaceSize                         = 1073741824                                {product} {command line}
   size_t MaxNewSize                               = 2575302656                                {product} {ergonomic}
   size_t MinHeapDeltaBytes                        = 2097152                                   {product} {ergonomic}
   size_t MinHeapSize                              = 536870912                                 {product} {command line}
    uintx NonNMethodCodeHeapSize                   = 5839372                                {pd product} {ergonomic}
    uintx NonProfiledCodeHeapSize                  = 122909434                              {pd product} {ergonomic}
    uintx ProfiledCodeHeapSize                     = 122909434                              {pd product} {ergonomic}
    uintx ReservedCodeCacheSize                    = 251658240                              {pd product} {ergonomic}
     bool SegmentedCodeCache                       = true                                      {product} {ergonomic}
   size_t SoftMaxHeapSize                          = 4294967296                             {manageable} {ergonomic}
     bool UseCompressedOops                        = true                           {product lp64_product} {ergonomic}
     bool UseG1GC                                  = true                                      {product} {ergonomic}
     bool UseLargePagesIndividualAllocation        = false                                  {pd product} {ergonomic}

Logging:
Log output configuration:
 #0: stdout all=warning uptime,level,tags foldmultilines=false
 #1: stderr all=off uptime,level,tags foldmultilines=false

Release file:
JAVA_VERSION="21.0.10" 
MODULES="java.base java.compiler java.datatransfer java.xml java.prefs java.desktop java.instrument java.logging java.management java.security.sasl java.naming java.rmi java.management.rmi java.net.http java.scripting java.security.jgss java.transaction.xa java.sql java.sql.rowset java.xml.crypto java.se java.smartcardio jdk.accessibility jdk.internal.jvmstat jdk.attach jdk.charsets jdk.internal.opt jdk.zipfs jdk.compiler jdk.crypto.ec jdk.crypto.cryptoki jdk.crypto.mscapi jdk.dynalink jdk.internal.ed jdk.editpad jdk.hotspot.agent jdk.httpserver jdk.internal.le jdk.internal.vm.ci jdk.internal.vm.compiler jdk.internal.vm.compiler.management jdk.jartool jdk.javadoc jdk.jcmd jdk.management jdk.management.agent jdk.jconsole jdk.jdeps jdk.jdwp.agent jdk.jdi jdk.jfr jdk.jshell jdk.jsobject jdk.jstatd jdk.localedata jdk.management.jfr jdk.naming.dns jdk.naming.rmi jdk.net jdk.nio.mapmode jdk.random jdk.sctp jdk.security.auth jdk.security.jgss jdk.unsupported jdk.unsupported.desktop jdk.xml.dom" 

Environment Variables:
JAVA_HOME=C:\Program Files\Java\jdk-17
PATH=C:\Program Files\Java\jdk-17\bin;C:\Program Files\Java\jdk-17\bin;C:\Program Files\Common Files\Oracle\Java\javapath;C:\windows\system32;C:\windows;C:\windows\System32\Wbem;C:\windows\System32\WindowsPowerShell\v1.0\;C:\windows\System32\OpenSSH\;C:\Program Files (x86)\NVIDIA Corporation\PhysX\Common;C:\Program Files\NVIDIA Corporation\NVIDIA NvDLISR;C:\ProgramData\chocolatey\bin;C:\ProgramData\ComposerSetup\bin;C:\Program Files\Java\jdk-20\bin;C:\WINDOWS\system32;C:\WINDOWS;C:\WINDOWS\System32\Wbem;C:\WINDOWS\System32\WindowsPowerShell\v1.0\;C:\WINDOWS\System32\OpenSSH\;C:\Program Files\Git\cmd;C:\Program Files\PostgreSQL\16\bin;C:\Users\ikwob\.config\herd\bin\nvm;C:\Program Files\nodejs;C:\Users\ikwob\.herd\php\8.2.10\;C:\Program Files\Go\bin;C:\Program Files\PuTTY\;C:\Program Files\nodejs\;C:\Program Files\Amazon\AWSCLIV2\;C:\Program Files\dotnet\;C:\Program Files\komorebi\bin\;C:\Program Files\cursor\resources\app\bin;C:\Program Files\Pandoc\;C:\Program Files\Docker\Docker\resources\bin;C:\Users\ikwob\AppD;C:\Program Files\Java\jdk-17\bin;C:\Program Files\Java\jdk-17\bin;C:\Program Files\Common Files\Oracle\Java\javapath;C:\windows\system32;C:\windows;C:\windows\System32\Wbem;C:\windows\System32\WindowsPowerShell\v1.0\;C:\windows\System32\OpenSSH\;C:\Program Files (x86)\NVIDIA Corporation\PhysX\Common;C:\Program Files\NVIDIA Corporation\NVIDIA NvDLISR;C:\ProgramData\chocolatey\bin;C:\ProgramData\ComposerSetup\bin;C:\Program Files\Java\jdk-20\bin;C:\WINDOWS\system32;C:\WINDOWS;C:\WINDOWS\System32\Wbem;C:\WINDOWS\System32\WindowsPowerShell\v1.0\;C:\WINDOWS\System32\OpenSSH\;C:\Program Files\Git\cmd;C:\Program Files\PostgreSQL\16\bin;C:\Users\ikwob\.config\herd\bin\nvm;C:\Program Files\nodejs;C:\Users\ikwob\.herd\php\8.2.10\;C:\Program Files\Go\bin;C:\Program Files\PuTTY\;C:\Program Files\nodejs\;C:\Program Files\Amazon\AWSCLIV2\;C:\Program Files\dotnet\;C:\Program Files\komorebi\bin\;C:\Program Files\cursor\resources\app\bin;C:\Program Files\Pandoc\;C:\Program Files\Docker\Docker\resources\bin;C:\Users\ikwob\AppD;C:\Users\ikwob\AppData\Local\Android\Sdk\platform-tools;C:\Users\ikwob\AppData\Local\Android\Sdk\emulator;C:\Users\ikwob\AppData\Local\Programs\Microsoft VS Code\bin;C:\Users\ikwob\AppData\Local\Muse Hub\lib
USERNAME=ikwob
OS=Windows_NT
PROCESSOR_IDENTIFIER=Intel64 Family 6 Model 154 Stepping 3, GenuineIntel
TMP=C:\Users\ikwob\AppData\Local\Temp
TEMP=C:\Users\ikwob\AppData\Local\Temp




Periodic native trim disabled

---------------  S Y S T E M  ---------------

OS:
 Windows 11 , 64 bit Build 26100 (10.0.26100.8521)
OS uptime: 0 days 4:12 hours
Hyper-V role detected

CPU: total 12 (initial active 12) (6 cores per cpu, 2 threads per core) family 6 model 154 stepping 3 microcode 0x434, cx8, cmov, fxsr, ht, mmx, 3dnowpref, sse, sse2, sse3, ssse3, sse4.1, sse4.2, popcnt, lzcnt, tsc, tscinvbit, avx, avx2, aes, erms, clmul, bmi1, bmi2, adx, sha, fma, vzeroupper, clflush, clflushopt, clwb, hv, serialize, rdtscp, rdpid, fsrm, f16c, cet_ibt, cet_ss
Processor Information for the first 12 processors :
  Max Mhz: 2000, Current Mhz: 2000, Mhz Limit: 2000

Memory: 4k page, system-wide physical 16052M (636M free)
TotalPageFile size 40480M (AvailPageFile size 0M)
current process WorkingSet (physical memory assigned to process): 516M, peak: 537M
current process commit charge ("private bytes"): 759M, peak: 779M

vm_info: OpenJDK 64-Bit Server VM (21.0.10+7-LTS) for windows-amd64 JRE (21.0.10+7-LTS), built on 2026-01-20T00:00:00Z by "admin" with MS VC++ 17.12 (VS2022)

END.
